This file contains any messages produced by compilers while
running configure, to aid debugging if configure makes a mistake.

It was created by axel configure 2.17.10+gf13ccc, which was
generated by GNU Autoconf 2.69.  Invocation command line was

  $ ./configure --prefix=/home/mmm/build-tools-gcc/prebuilts

## --------- ##
## Platform. ##
## --------- ##

hostname = mmm-HP-Pavilion-15-Notebook-PC
uname -m = x86_64
uname -r = 4.15.0-135-generic
uname -s = Linux
uname -v = #139-Ubuntu SMP Mon Jan 18 17:38:24 UTC 2021

/usr/bin/uname -p = unknown
/bin/uname -X     = unknown

/bin/arch              = unknown
/usr/bin/arch -k       = unknown
/usr/convex/getsysinfo = unknown
/usr/bin/hostinfo      = unknown
/bin/machine           = unknown
/usr/bin/oslevel       = unknown
/bin/universe          = unknown

PATH: /home/mmm/build-tools-gcc/prebuilts/bin
PATH: /home/mmm/bin
PATH: /home/mmm/.local/bin
PATH: /usr/local/sbin
PATH: /usr/local/bin
PATH: /usr/sbin
PATH: /usr/bin
PATH: /sbin
PATH: /bin
PATH: /usr/games
PATH: /usr/local/games
PATH: /snap/bin


## ----------- ##
## Core tests. ##
## ----------- ##

configure:2488: checking for a BSD-compatible install
configure:2556: result: /usr/bin/install -c
configure:2567: checking whether build environment is sane
configure:2622: result: yes
configure:2773: checking for a thread-safe mkdir -p
configure:2812: result: /bin/mkdir -p
configure:2819: checking for gawk
configure:2835: found /usr/bin/gawk
configure:2846: result: gawk
configure:2857: checking whether make sets $(MAKE)
configure:2879: result: yes
configure:2908: checking whether make supports nested variables
configure:2925: result: yes
configure:3105: checking for pkg-config
configure:3123: found /usr/bin/pkg-config
configure:3135: result: /usr/bin/pkg-config
configure:3160: checking pkg-config is at least version 0.9.0
configure:3163: result: yes
configure:3188: checking whether make supports nested variables
configure:3205: result: yes
configure:3222: checking build system type
configure:3236: result: x86_64-pc-linux-gnu
configure:3256: checking host system type
configure:3269: result: x86_64-pc-linux-gnu
configure:3336: checking for style of include used by make
configure:3364: result: GNU
configure:3435: checking for gcc
configure:3451: found /usr/bin/gcc
configure:3462: result: gcc
configure:3691: checking for C compiler version
configure:3700: gcc --version >&5
gcc (Ubuntu 7.5.0-3ubuntu1~18.04) 7.5.0
Copyright (C) 2017 Free Software Foundation, Inc.
This is free software; see the source for copying conditions.  There is NO
warranty; not even for MERCHANTABILITY or FITNESS FOR A PARTICULAR PURPOSE.

configure:3711: $? = 0
configure:3700: gcc -v >&5
Using built-in specs.
COLLECT_GCC=gcc
COLLECT_LTO_WRAPPER=/usr/lib/gcc/x86_64-linux-gnu/7/lto-wrapper
OFFLOAD_TARGET_NAMES=nvptx-none
OFFLOAD_TARGET_DEFAULT=1
Target: x86_64-linux-gnu
Configured with: ../src/configure -v --with-pkgversion='Ubuntu 7.5.0-3ubuntu1~18.04' --with-bugurl=file:///usr/share/doc/gcc-7/README.Bugs --enable-languages=c,ada,c++,go,brig,d,fortran,objc,obj-c++ --prefix=/usr --with-gcc-major-version-only --program-suffix=-7 --program-prefix=x86_64-linux-gnu- --enable-shared --enable-linker-build-id --libexecdir=/usr/lib --without-included-gettext --enable-threads=posix --libdir=/usr/lib --enable-nls --enable-bootstrap --enable-clocale=gnu --enable-libstdcxx-debug --enable-libstdcxx-time=yes --with-default-libstdcxx-abi=new --enable-gnu-unique-object --disable-vtable-verify --enable-libmpx --enable-plugin --enable-default-pie --with-system-zlib --with-target-system-zlib --enable-objc-gc=auto --enable-multiarch --disable-werror --with-arch-32=i686 --with-abi=m64 --with-multilib-list=m32,m64,mx32 --enable-multilib --with-tune=generic --enable-offload-targets=nvptx-none --without-cuda-driver --enable-checking=release --build=x86_64-linux-gnu --host=x86_64-linux-gnu --target=x86_64-linux-gnu
Thread model: posix
gcc version 7.5.0 (Ubuntu 7.5.0-3ubuntu1~18.04) 
configure:3711: $? = 0
configure:3700: gcc -V >&5
gcc: error: unrecognized command line option '-V'
gcc: fatal error: no input files
compilation terminated.
configure:3711: $? = 1
configure:3700: gcc -qversion >&5
gcc: error: unrecognized command line option '-qversion'; did you mean '--version'?
gcc: fatal error: no input files
compilation terminated.
configure:3711: $? = 1
configure:3731: checking whether the C compiler works
configure:3753: gcc    conftest.c  >&5
configure:3757: $? = 0
configure:3805: result: yes
configure:3808: checking for C compiler default output file name
configure:3810: result: a.out
configure:3816: checking for suffix of executables
configure:3823: gcc -o conftest    conftest.c  >&5
configure:3827: $? = 0
configure:3849: result: 
configure:3871: checking whether we are cross compiling
configure:3879: gcc -o conftest    conftest.c  >&5
configure:3883: $? = 0
configure:3890: ./conftest
configure:3894: $? = 0
configure:3909: result: no
configure:3914: checking for suffix of object files
configure:3936: gcc -c   conftest.c >&5
configure:3940: $? = 0
configure:3961: result: o
configure:3965: checking whether we are using the GNU C compiler
configure:3984: gcc -c   conftest.c >&5
configure:3984: $? = 0
configure:3993: result: yes
configure:4002: checking whether gcc accepts -g
configure:4022: gcc -c -g  conftest.c >&5
configure:4022: $? = 0
configure:4063: result: yes
configure:4080: checking for gcc option to accept ISO C89
configure:4143: gcc  -c -g -O2  conftest.c >&5
configure:4143: $? = 0
configure:4156: result: none needed
configure:4181: checking whether gcc understands -c and -o together
configure:4203: gcc -c conftest.c -o conftest2.o
configure:4206: $? = 0
configure:4203: gcc -c conftest.c -o conftest2.o
configure:4206: $? = 0
configure:4218: result: yes
configure:4237: checking dependency style of gcc
configure:4348: result: gcc3
configure:4369: checking how to run the C preprocessor
configure:4400: gcc -E  conftest.c
configure:4400: $? = 0
configure:4414: gcc -E  conftest.c
conftest.c:12:10: fatal error: ac_nonexistent.h: No such file or directory
 #include <ac_nonexistent.h>
          ^~~~~~~~~~~~~~~~~~
compilation terminated.
configure:4414: $? = 1
configure: failed program was:
| /* confdefs.h */
| #define PACKAGE_NAME "axel"
| #define PACKAGE_TARNAME "axel"
| #define PACKAGE_VERSION "2.17.10+gf13ccc"
| #define PACKAGE_STRING "axel 2.17.10+gf13ccc"
| #define PACKAGE_BUGREPORT "https://github.com/axel-download-accelerator/axel/issues"
| #define PACKAGE_URL ""
| #define PACKAGE "axel"
| #define VERSION "2.17.10+gf13ccc"
| #define ARCH "linux-gnu"
| /* end confdefs.h.  */
| #include <ac_nonexistent.h>
configure:4439: result: gcc -E
configure:4459: gcc -E  conftest.c
configure:4459: $? = 0
configure:4473: gcc -E  conftest.c
conftest.c:12:10: fatal error: ac_nonexistent.h: No such file or directory
 #include <ac_nonexistent.h>
          ^~~~~~~~~~~~~~~~~~
compilation terminated.
configure:4473: $? = 1
configure: failed program was:
| /* confdefs.h */
| #define PACKAGE_NAME "axel"
| #define PACKAGE_TARNAME "axel"
| #define PACKAGE_VERSION "2.17.10+gf13ccc"
| #define PACKAGE_STRING "axel 2.17.10+gf13ccc"
| #define PACKAGE_BUGREPORT "https://github.com/axel-download-accelerator/axel/issues"
| #define PACKAGE_URL ""
| #define PACKAGE "axel"
| #define VERSION "2.17.10+gf13ccc"
| #define ARCH "linux-gnu"
| /* end confdefs.h.  */
| #include <ac_nonexistent.h>
configure:4502: checking for grep that handles long lines and -e
configure:4560: result: /bin/grep
configure:4565: checking for egrep
configure:4627: result: /bin/grep -E
configure:4632: checking for ANSI C header files
configure:4652: gcc -c -g -O2  conftest.c >&5
configure:4652: $? = 0
configure:4725: gcc -o conftest -g -O2   conftest.c  >&5
configure:4725: $? = 0
configure:4725: ./conftest
configure:4725: $? = 0
configure:4736: result: yes
configure:4749: checking for sys/types.h
configure:4749: gcc -c -g -O2  conftest.c >&5
configure:4749: $? = 0
configure:4749: result: yes
configure:4749: checking for sys/stat.h
configure:4749: gcc -c -g -O2  conftest.c >&5
configure:4749: $? = 0
configure:4749: result: yes
configure:4749: checking for stdlib.h
configure:4749: gcc -c -g -O2  conftest.c >&5
configure:4749: $? = 0
configure:4749: result: yes
configure:4749: checking for string.h
configure:4749: gcc -c -g -O2  conftest.c >&5
configure:4749: $? = 0
configure:4749: result: yes
configure:4749: checking for memory.h
configure:4749: gcc -c -g -O2  conftest.c >&5
configure:4749: $? = 0
configure:4749: result: yes
configure:4749: checking for strings.h
configure:4749: gcc -c -g -O2  conftest.c >&5
configure:4749: $? = 0
configure:4749: result: yes
configure:4749: checking for inttypes.h
configure:4749: gcc -c -g -O2  conftest.c >&5
configure:4749: $? = 0
configure:4749: result: yes
configure:4749: checking for stdint.h
configure:4749: gcc -c -g -O2  conftest.c >&5
configure:4749: $? = 0
configure:4749: result: yes
configure:4749: checking for unistd.h
configure:4749: gcc -c -g -O2  conftest.c >&5
configure:4749: $? = 0
configure:4749: result: yes
configure:4762: checking minix/config.h usability
configure:4762: gcc -c -g -O2  conftest.c >&5
conftest.c:55:10: fatal error: minix/config.h: No such file or directory
 #include <minix/config.h>
          ^~~~~~~~~~~~~~~~
compilation terminated.
configure:4762: $? = 1
configure: failed program was:
| /* confdefs.h */
| #define PACKAGE_NAME "axel"
| #define PACKAGE_TARNAME "axel"
| #define PACKAGE_VERSION "2.17.10+gf13ccc"
| #define PACKAGE_STRING "axel 2.17.10+gf13ccc"
| #define PACKAGE_BUGREPORT "https://github.com/axel-download-accelerator/axel/issues"
| #define PACKAGE_URL ""
| #define PACKAGE "axel"
| #define VERSION "2.17.10+gf13ccc"
| #define ARCH "linux-gnu"
| #define STDC_HEADERS 1
| #define HAVE_SYS_TYPES_H 1
| #define HAVE_SYS_STAT_H 1
| #define HAVE_STDLIB_H 1
| #define HAVE_STRING_H 1
| #define HAVE_MEMORY_H 1
| #define HAVE_STRINGS_H 1
| #define HAVE_INTTYPES_H 1
| #define HAVE_STDINT_H 1
| #define HAVE_UNISTD_H 1
| /* end confdefs.h.  */
| #include <stdio.h>
| #ifdef HAVE_SYS_TYPES_H
| # include <sys/types.h>
| #endif
| #ifdef HAVE_SYS_STAT_H
| # include <sys/stat.h>
| #endif
| #ifdef STDC_HEADERS
| # include <stdlib.h>
| # include <stddef.h>
| #else
| # ifdef HAVE_STDLIB_H
| #  include <stdlib.h>
| # endif
| #endif
| #ifdef HAVE_STRING_H
| # if !defined STDC_HEADERS && defined HAVE_MEMORY_H
| #  include <memory.h>
| # endif
| # include <string.h>
| #endif
| #ifdef HAVE_STRINGS_H
| # include <strings.h>
| #endif
| #ifdef HAVE_INTTYPES_H
| # include <inttypes.h>
| #endif
| #ifdef HAVE_STDINT_H
| # include <stdint.h>
| #endif
| #ifdef HAVE_UNISTD_H
| # include <unistd.h>
| #endif
| #include <minix/config.h>
configure:4762: result: no
configure:4762: checking minix/config.h presence
configure:4762: gcc -E  conftest.c
conftest.c:22:10: fatal error: minix/config.h: No such file or directory
 #include <minix/config.h>
          ^~~~~~~~~~~~~~~~
compilation terminated.
configure:4762: $? = 1
configure: failed program was:
| /* confdefs.h */
| #define PACKAGE_NAME "axel"
| #define PACKAGE_TARNAME "axel"
| #define PACKAGE_VERSION "2.17.10+gf13ccc"
| #define PACKAGE_STRING "axel 2.17.10+gf13ccc"
| #define PACKAGE_BUGREPORT "https://github.com/axel-download-accelerator/axel/issues"
| #define PACKAGE_URL ""
| #define PACKAGE "axel"
| #define VERSION "2.17.10+gf13ccc"
| #define ARCH "linux-gnu"
| #define STDC_HEADERS 1
| #define HAVE_SYS_TYPES_H 1
| #define HAVE_SYS_STAT_H 1
| #define HAVE_STDLIB_H 1
| #define HAVE_STRING_H 1
| #define HAVE_MEMORY_H 1
| #define HAVE_STRINGS_H 1
| #define HAVE_INTTYPES_H 1
| #define HAVE_STDINT_H 1
| #define HAVE_UNISTD_H 1
| /* end confdefs.h.  */
| #include <minix/config.h>
configure:4762: result: no
configure:4762: checking for minix/config.h
configure:4762: result: no
configure:4783: checking whether it is safe to define __EXTENSIONS__
configure:4801: gcc -c -g -O2  conftest.c >&5
configure:4801: $? = 0
configure:4808: result: yes
configure:4872: checking for gcc
configure:4899: result: gcc
configure:5128: checking for C compiler version
configure:5137: gcc --version >&5
gcc (Ubuntu 7.5.0-3ubuntu1~18.04) 7.5.0
Copyright (C) 2017 Free Software Foundation, Inc.
This is free software; see the source for copying conditions.  There is NO
warranty; not even for MERCHANTABILITY or FITNESS FOR A PARTICULAR PURPOSE.

configure:5148: $? = 0
configure:5137: gcc -v >&5
Using built-in specs.
COLLECT_GCC=gcc
COLLECT_LTO_WRAPPER=/usr/lib/gcc/x86_64-linux-gnu/7/lto-wrapper
OFFLOAD_TARGET_NAMES=nvptx-none
OFFLOAD_TARGET_DEFAULT=1
Target: x86_64-linux-gnu
Configured with: ../src/configure -v --with-pkgversion='Ubuntu 7.5.0-3ubuntu1~18.04' --with-bugurl=file:///usr/share/doc/gcc-7/README.Bugs --enable-languages=c,ada,c++,go,brig,d,fortran,objc,obj-c++ --prefix=/usr --with-gcc-major-version-only --program-suffix=-7 --program-prefix=x86_64-linux-gnu- --enable-shared --enable-linker-build-id --libexecdir=/usr/lib --without-included-gettext --enable-threads=posix --libdir=/usr/lib --enable-nls --enable-bootstrap --enable-clocale=gnu --enable-libstdcxx-debug --enable-libstdcxx-time=yes --with-default-libstdcxx-abi=new --enable-gnu-unique-object --disable-vtable-verify --enable-libmpx --enable-plugin --enable-default-pie --with-system-zlib --with-target-system-zlib --enable-objc-gc=auto --enable-multiarch --disable-werror --with-arch-32=i686 --with-abi=m64 --with-multilib-list=m32,m64,mx32 --enable-multilib --with-tune=generic --enable-offload-targets=nvptx-none --without-cuda-driver --enable-checking=release --build=x86_64-linux-gnu --host=x86_64-linux-gnu --target=x86_64-linux-gnu
Thread model: posix
gcc version 7.5.0 (Ubuntu 7.5.0-3ubuntu1~18.04) 
configure:5148: $? = 0
configure:5137: gcc -V >&5
gcc: error: unrecognized command line option '-V'
gcc: fatal error: no input files
compilation terminated.
configure:5148: $? = 1
configure:5137: gcc -qversion >&5
gcc: error: unrecognized command line option '-qversion'; did you mean '--version'?
gcc: fatal error: no input files
compilation terminated.
configure:5148: $? = 1
configure:5152: checking whether we are using the GNU C compiler
configure:5180: result: yes
configure:5189: checking whether gcc accepts -g
configure:5250: result: yes
configure:5267: checking for gcc option to accept ISO C89
configure:5343: result: none needed
configure:5368: checking whether gcc understands -c and -o together
configure:5405: result: yes
configure:5424: checking dependency style of gcc
configure:5535: result: gcc3
configure:5550: checking for gcc option to accept ISO C99
configure:5699: gcc  -c -g -O2  conftest.c >&5
configure:5699: $? = 0
configure:5712: result: none needed
configure:5741: checking for special C compiler options needed for large files
configure:5786: result: no
configure:5792: checking for _FILE_OFFSET_BITS value needed for large files
configure:5817: gcc -c -g -O2  conftest.c >&5
configure:5817: $? = 0
configure:5849: result: no
configure:5948: checking for a sed that does not truncate output
configure:6012: result: /bin/sed
configure:6085: checking whether C compiler accepts -Werror=unknown-warning-option
configure:6104: gcc -c -g -O2  -Werror=unknown-warning-option  conftest.c >&5
cc1: error: -Werror=unknown-warning-option: no option -Wunknown-warning-option
configure:6104: $? = 1
configure: failed program was:
| /* confdefs.h */
| #define PACKAGE_NAME "axel"
| #define PACKAGE_TARNAME "axel"
| #define PACKAGE_VERSION "2.17.10+gf13ccc"
| #define PACKAGE_STRING "axel 2.17.10+gf13ccc"
| #define PACKAGE_BUGREPORT "https://github.com/axel-download-accelerator/axel/issues"
| #define PACKAGE_URL ""
| #define PACKAGE "axel"
| #define VERSION "2.17.10+gf13ccc"
| #define ARCH "linux-gnu"
| #define STDC_HEADERS 1
| #define HAVE_SYS_TYPES_H 1
| #define HAVE_SYS_STAT_H 1
| #define HAVE_STDLIB_H 1
| #define HAVE_STRING_H 1
| #define HAVE_MEMORY_H 1
| #define HAVE_STRINGS_H 1
| #define HAVE_INTTYPES_H 1
| #define HAVE_STDINT_H 1
| #define HAVE_UNISTD_H 1
| #define __EXTENSIONS__ 1
| #define _ALL_SOURCE 1
| #define _GNU_SOURCE 1
| #define _POSIX_PTHREAD_SEMANTICS 1
| #define _TANDEM_SOURCE 1
| /* end confdefs.h.  */
| 
| int
| main ()
| {
| 
|   ;
|   return 0;
| }
configure:6112: result: no
configure:6126: checking whether C compiler accepts -Wno-suggest-attribute=format
configure:6145: gcc -c -g -O2  -Wno-suggest-attribute=format  conftest.c >&5
configure:6145: $? = 0
configure:6153: result: yes
configure:6173: checking whether C compiler accepts -fno-strict-aliasing
configure:6192: gcc -c -g -O2  -fno-strict-aliasing  conftest.c >&5
configure:6192: $? = 0
configure:6201: result: yes
configure:6228: : WARN_CFLAGS="$WARN_CFLAGS"
configure:6231: $? = 0
configure:6252: checking whether C compiler accepts -Wall
configure:6271: gcc -c -g -O2  -Wall  conftest.c >&5
configure:6271: $? = 0
configure:6280: result: yes
configure:6296: : WARN_CFLAGS="$WARN_CFLAGS"
configure:6299: $? = 0
configure:6252: checking whether C compiler accepts -Wextra
configure:6271: gcc -c -g -O2  -Wextra  conftest.c >&5
configure:6271: $? = 0
configure:6280: result: yes
configure:6296: : WARN_CFLAGS="$WARN_CFLAGS"
configure:6299: $? = 0
configure:6252: checking whether C compiler accepts -Wundef
configure:6271: gcc -c -g -O2  -Wundef  conftest.c >&5
configure:6271: $? = 0
configure:6280: result: yes
configure:6296: : WARN_CFLAGS="$WARN_CFLAGS"
configure:6299: $? = 0
configure:6252: checking whether C compiler accepts -Wnested-externs
configure:6271: gcc -c -g -O2  -Wnested-externs  conftest.c >&5
configure:6271: $? = 0
configure:6280: result: yes
configure:6296: : WARN_CFLAGS="$WARN_CFLAGS"
configure:6299: $? = 0
configure:6252: checking whether C compiler accepts -Wwrite-strings
configure:6271: gcc -c -g -O2  -Wwrite-strings  conftest.c >&5
configure:6271: $? = 0
configure:6280: result: yes
configure:6296: : WARN_CFLAGS="$WARN_CFLAGS"
configure:6299: $? = 0
configure:6252: checking whether C compiler accepts -Wpointer-arith
configure:6271: gcc -c -g -O2  -Wpointer-arith  conftest.c >&5
configure:6271: $? = 0
configure:6280: result: yes
configure:6296: : WARN_CFLAGS="$WARN_CFLAGS"
configure:6299: $? = 0
configure:6252: checking whether C compiler accepts -Wmissing-declarations
configure:6271: gcc -c -g -O2  -Wmissing-declarations  conftest.c >&5
configure:6271: $? = 0
configure:6280: result: yes
configure:6296: : WARN_CFLAGS="$WARN_CFLAGS"
configure:6299: $? = 0
configure:6252: checking whether C compiler accepts -Wmissing-prototypes
configure:6271: gcc -c -g -O2  -Wmissing-prototypes  conftest.c >&5
configure:6271: $? = 0
configure:6280: result: yes
configure:6296: : WARN_CFLAGS="$WARN_CFLAGS"
configure:6299: $? = 0
configure:6252: checking whether C compiler accepts -Wstrict-prototypes
configure:6271: gcc -c -g -O2  -Wstrict-prototypes  conftest.c >&5
conftest.c:29:1: warning: function declaration isn't a prototype [-Wstrict-prototypes]
 main ()
 ^~~~
configure:6271: $? = 0
configure:6280: result: yes
configure:6296: : WARN_CFLAGS="$WARN_CFLAGS"
configure:6299: $? = 0
configure:6252: checking whether C compiler accepts -Wredundant-decls
configure:6271: gcc -c -g -O2  -Wredundant-decls  conftest.c >&5
configure:6271: $? = 0
configure:6280: result: yes
configure:6296: : WARN_CFLAGS="$WARN_CFLAGS"
configure:6299: $? = 0
configure:6252: checking whether C compiler accepts -Wno-unused-parameter
configure:6271: gcc -c -g -O2  -Wno-unused-parameter  conftest.c >&5
configure:6271: $? = 0
configure:6280: result: yes
configure:6296: : WARN_CFLAGS="$WARN_CFLAGS"
configure:6299: $? = 0
configure:6252: checking whether C compiler accepts -Wno-missing-field-initializers
configure:6271: gcc -c -g -O2  -Wno-missing-field-initializers  conftest.c >&5
configure:6271: $? = 0
configure:6280: result: yes
configure:6296: : WARN_CFLAGS="$WARN_CFLAGS"
configure:6299: $? = 0
configure:6252: checking whether C compiler accepts -Wdeclaration-after-statement
configure:6271: gcc -c -g -O2  -Wdeclaration-after-statement  conftest.c >&5
configure:6271: $? = 0
configure:6280: result: yes
configure:6296: : WARN_CFLAGS="$WARN_CFLAGS"
configure:6299: $? = 0
configure:6252: checking whether C compiler accepts -Wformat=2
configure:6271: gcc -c -g -O2  -Wformat=2  conftest.c >&5
configure:6271: $? = 0
configure:6280: result: yes
configure:6296: : WARN_CFLAGS="$WARN_CFLAGS"
configure:6299: $? = 0
configure:6252: checking whether C compiler accepts -Wold-style-definition
configure:6271: gcc -c -g -O2  -Wold-style-definition  conftest.c >&5
conftest.c: In function 'main':
conftest.c:29:1: warning: old-style function definition [-Wold-style-definition]
 main ()
 ^~~~
configure:6271: $? = 0
configure:6280: result: yes
configure:6296: : WARN_CFLAGS="$WARN_CFLAGS"
configure:6299: $? = 0
configure:6252: checking whether C compiler accepts -Wcast-align
configure:6271: gcc -c -g -O2  -Wcast-align  conftest.c >&5
configure:6271: $? = 0
configure:6280: result: yes
configure:6296: : WARN_CFLAGS="$WARN_CFLAGS"
configure:6299: $? = 0
configure:6252: checking whether C compiler accepts -Wformat-nonliteral
configure:6271: gcc -c -g -O2  -Wformat-nonliteral  conftest.c >&5
configure:6271: $? = 0
configure:6280: result: yes
configure:6296: : WARN_CFLAGS="$WARN_CFLAGS"
configure:6299: $? = 0
configure:6252: checking whether C compiler accepts -Wformat-security
configure:6271: gcc -c -g -O2  -Wformat-security  conftest.c >&5
configure:6271: $? = 0
configure:6280: result: yes
configure:6296: : WARN_CFLAGS="$WARN_CFLAGS"
configure:6299: $? = 0
configure:6252: checking whether C compiler accepts -Wsign-compare
configure:6271: gcc -c -g -O2  -Wsign-compare  conftest.c >&5
configure:6271: $? = 0
configure:6280: result: yes
configure:6296: : WARN_CFLAGS="$WARN_CFLAGS"
configure:6299: $? = 0
configure:6252: checking whether C compiler accepts -Wstrict-aliasing
configure:6271: gcc -c -g -O2  -Wstrict-aliasing  conftest.c >&5
configure:6271: $? = 0
configure:6280: result: yes
configure:6296: : WARN_CFLAGS="$WARN_CFLAGS"
configure:6299: $? = 0
configure:6252: checking whether C compiler accepts -Wshadow
configure:6271: gcc -c -g -O2  -Wshadow  conftest.c >&5
configure:6271: $? = 0
configure:6280: result: yes
configure:6296: : WARN_CFLAGS="$WARN_CFLAGS"
configure:6299: $? = 0
configure:6252: checking whether C compiler accepts -Winline
configure:6271: gcc -c -g -O2  -Winline  conftest.c >&5
configure:6271: $? = 0
configure:6280: result: yes
configure:6296: : WARN_CFLAGS="$WARN_CFLAGS"
configure:6299: $? = 0
configure:6252: checking whether C compiler accepts -Wpacked
configure:6271: gcc -c -g -O2  -Wpacked  conftest.c >&5
configure:6271: $? = 0
configure:6280: result: yes
configure:6296: : WARN_CFLAGS="$WARN_CFLAGS"
configure:6299: $? = 0
configure:6252: checking whether C compiler accepts -Wmissing-format-attribute
configure:6271: gcc -c -g -O2  -Wmissing-format-attribute  conftest.c >&5
configure:6271: $? = 0
configure:6280: result: yes
configure:6296: : WARN_CFLAGS="$WARN_CFLAGS"
configure:6299: $? = 0
configure:6252: checking whether C compiler accepts -Wmissing-noreturn
configure:6271: gcc -c -g -O2  -Wmissing-noreturn  conftest.c >&5
configure:6271: $? = 0
configure:6280: result: yes
configure:6296: : WARN_CFLAGS="$WARN_CFLAGS"
configure:6299: $? = 0
configure:6252: checking whether C compiler accepts -Winit-self
configure:6271: gcc -c -g -O2  -Winit-self  conftest.c >&5
configure:6271: $? = 0
configure:6280: result: yes
configure:6296: : WARN_CFLAGS="$WARN_CFLAGS"
configure:6299: $? = 0
configure:6252: checking whether C compiler accepts -Wredundant-decls
configure:6280: result: yes
configure:6288: : WARN_CFLAGS already contains $flag
configure:6291: $? = 0
configure:6252: checking whether C compiler accepts -Wmissing-include-dirs
configure:6271: gcc -c -g -O2  -Wmissing-include-dirs  conftest.c >&5
configure:6271: $? = 0
configure:6280: result: yes
configure:6296: : WARN_CFLAGS="$WARN_CFLAGS"
configure:6299: $? = 0
configure:6252: checking whether C compiler accepts -Wunused-but-set-variable
configure:6271: gcc -c -g -O2  -Wunused-but-set-variable  conftest.c >&5
configure:6271: $? = 0
configure:6280: result: yes
configure:6296: : WARN_CFLAGS="$WARN_CFLAGS"
configure:6299: $? = 0
configure:6252: checking whether C compiler accepts -Warray-bounds
configure:6271: gcc -c -g -O2  -Warray-bounds  conftest.c >&5
configure:6271: $? = 0
configure:6280: result: yes
configure:6296: : WARN_CFLAGS="$WARN_CFLAGS"
configure:6299: $? = 0
configure:6252: checking whether C compiler accepts -Wimplicit-function-declaration
configure:6271: gcc -c -g -O2  -Wimplicit-function-declaration  conftest.c >&5
configure:6271: $? = 0
configure:6280: result: yes
configure:6296: : WARN_CFLAGS="$WARN_CFLAGS"
configure:6299: $? = 0
configure:6252: checking whether C compiler accepts -Wreturn-type
configure:6271: gcc -c -g -O2  -Wreturn-type  conftest.c >&5
configure:6271: $? = 0
configure:6280: result: yes
configure:6296: : WARN_CFLAGS="$WARN_CFLAGS"
configure:6299: $? = 0
configure:6252: checking whether C compiler accepts -Wswitch-enum
configure:6271: gcc -c -g -O2  -Wswitch-enum  conftest.c >&5
configure:6271: $? = 0
configure:6280: result: yes
configure:6296: : WARN_CFLAGS="$WARN_CFLAGS"
configure:6299: $? = 0
configure:6252: checking whether C compiler accepts -Wswitch-default
configure:6271: gcc -c -g -O2  -Wswitch-default  conftest.c >&5
configure:6271: $? = 0
configure:6280: result: yes
configure:6296: : WARN_CFLAGS="$WARN_CFLAGS"
configure:6299: $? = 0
configure:6343: : WARN_CFLAGS="$WARN_CFLAGS"
configure:6346: $? = 0
configure:6369: checking whether C compiler accepts -Wno-suggest-attribute=format
configure:6388: gcc -c -g -O2  -Wno-suggest-attribute=format  conftest.c >&5
configure:6388: $? = 0
configure:6397: result: yes
configure:6413: : WARN_CFLAGS="$WARN_CFLAGS"
configure:6416: $? = 0
configure:6457: checking whether C compiler accepts -Wno-error=unused-parameter
configure:6476: gcc -c -g -O2  -Wno-error=unused-parameter  conftest.c >&5
configure:6476: $? = 0
configure:6485: result: yes
configure:6501: : WARN_CFLAGS="$WARN_CFLAGS"
configure:6504: $? = 0
configure:6457: checking whether C compiler accepts -Wno-error=missing-field-initializers
configure:6476: gcc -c -g -O2  -Wno-error=missing-field-initializers  conftest.c >&5
configure:6476: $? = 0
configure:6485: result: yes
configure:6501: : WARN_CFLAGS="$WARN_CFLAGS"
configure:6504: $? = 0
configure:6561: checking whether C compiler accepts -Werror=unknown-warning-option
configure:6588: result: no
configure:6602: checking whether the linker accepts -Wl,--no-as-needed
configure:6621: gcc -o conftest -g -O2    -Wl,--no-as-needed conftest.c  >&5
configure:6621: $? = 0
configure:6630: result: yes
configure:6645: checking whether the linker accepts -Wl,--fatal-warnings
configure:6664: gcc -o conftest -g -O2    -Wl,--fatal-warnings conftest.c  >&5
configure:6664: $? = 0
configure:6673: result: yes
configure:6683: checking whether the linker accepts -Wl,-fatal_warnings
configure:6702: gcc -o conftest -g -O2    -Wl,-fatal_warnings conftest.c  >&5
/usr/bin/ld: -f may not be used without -shared
collect2: error: ld returned 1 exit status
configure:6702: $? = 1
configure: failed program was:
| /* confdefs.h */
| #define PACKAGE_NAME "axel"
| #define PACKAGE_TARNAME "axel"
| #define PACKAGE_VERSION "2.17.10+gf13ccc"
| #define PACKAGE_STRING "axel 2.17.10+gf13ccc"
| #define PACKAGE_BUGREPORT "https://github.com/axel-download-accelerator/axel/issues"
| #define PACKAGE_URL ""
| #define PACKAGE "axel"
| #define VERSION "2.17.10+gf13ccc"
| #define ARCH "linux-gnu"
| #define STDC_HEADERS 1
| #define HAVE_SYS_TYPES_H 1
| #define HAVE_SYS_STAT_H 1
| #define HAVE_STDLIB_H 1
| #define HAVE_STRING_H 1
| #define HAVE_MEMORY_H 1
| #define HAVE_STRINGS_H 1
| #define HAVE_INTTYPES_H 1
| #define HAVE_STDINT_H 1
| #define HAVE_UNISTD_H 1
| #define __EXTENSIONS__ 1
| #define _ALL_SOURCE 1
| #define _GNU_SOURCE 1
| #define _POSIX_PTHREAD_SEMANTICS 1
| #define _TANDEM_SOURCE 1
| /* end confdefs.h.  */
| 
| int
| main ()
| {
| 
|   ;
|   return 0;
| }
configure:6711: result: no
configure:6729: checking whether the linker accepts -Wl,--no-as-needed
configure:6748: gcc -o conftest -g -O2    -Wl,--no-as-needed conftest.c  >&5
configure:6748: $? = 0
configure:6758: result: yes
configure:6785: : WARN_LDFLAGS="$WARN_LDFLAGS"
configure:6788: $? = 0
configure:6894: checking whether the linker accepts -Wl,--fatal-warnings
configure:6913: gcc -o conftest -g -O2    -Wl,--fatal-warnings conftest.c  >&5
configure:6913: $? = 0
configure:6923: result: yes
configure:6939: : WARN_LDFLAGS="$WARN_LDFLAGS"
configure:6942: $? = 0
configure:7002: : WARN_SCANNERFLAGS="$WARN_SCANNERFLAGS"
configure:7005: $? = 0
configure:7027: : WARN_SCANNERFLAGS="$WARN_SCANNERFLAGS"
configure:7030: $? = 0
configure:7064: : WARN_SCANNERFLAGS="$WARN_SCANNERFLAGS"
configure:7067: $? = 0
configure:7109: checking for __attribute__((format))
configure:7130: gcc -o conftest -g -O2   conftest.c  >&5
configure:7130: $? = 0
configure:7143: result: yes
configure:7161: checking for __builtin_clzll
configure:7180: gcc -o conftest -g -O2   conftest.c  >&5
configure:7180: $? = 0
configure:7189: result: yes
configure:7231: checking arpa/inet.h usability
configure:7231: gcc -c -g -O2  conftest.c >&5
configure:7231: $? = 0
configure:7231: result: yes
configure:7231: checking arpa/inet.h presence
configure:7231: gcc -E  conftest.c
configure:7231: $? = 0
configure:7231: result: yes
configure:7231: checking for arpa/inet.h
configure:7231: result: yes
configure:7231: checking fcntl.h usability
configure:7231: gcc -c -g -O2  conftest.c >&5
configure:7231: $? = 0
configure:7231: result: yes
configure:7231: checking fcntl.h presence
configure:7231: gcc -E  conftest.c
configure:7231: $? = 0
configure:7231: result: yes
configure:7231: checking for fcntl.h
configure:7231: result: yes
configure:7231: checking limits.h usability
configure:7231: gcc -c -g -O2  conftest.c >&5
configure:7231: $? = 0
configure:7231: result: yes
configure:7231: checking limits.h presence
configure:7231: gcc -E  conftest.c
configure:7231: $? = 0
configure:7231: result: yes
configure:7231: checking for limits.h
configure:7231: result: yes
configure:7231: checking locale.h usability
configure:7231: gcc -c -g -O2  conftest.c >&5
configure:7231: $? = 0
configure:7231: result: yes
configure:7231: checking locale.h presence
configure:7231: gcc -E  conftest.c
configure:7231: $? = 0
configure:7231: result: yes
configure:7231: checking for locale.h
configure:7231: result: yes
configure:7231: checking netdb.h usability
configure:7231: gcc -c -g -O2  conftest.c >&5
configure:7231: $? = 0
configure:7231: result: yes
configure:7231: checking netdb.h presence
configure:7231: gcc -E  conftest.c
configure:7231: $? = 0
configure:7231: result: yes
configure:7231: checking for netdb.h
configure:7231: result: yes
configure:7231: checking netinet/in.h usability
configure:7231: gcc -c -g -O2  conftest.c >&5
configure:7231: $? = 0
configure:7231: result: yes
configure:7231: checking netinet/in.h presence
configure:7231: gcc -E  conftest.c
configure:7231: $? = 0
configure:7231: result: yes
configure:7231: checking for netinet/in.h
configure:7231: result: yes
configure:7231: checking for stdlib.h
configure:7231: result: yes
configure:7231: checking sys/ioctl.h usability
configure:7231: gcc -c -g -O2  conftest.c >&5
configure:7231: $? = 0
configure:7231: result: yes
configure:7231: checking sys/ioctl.h presence
configure:7231: gcc -E  conftest.c
configure:7231: $? = 0
configure:7231: result: yes
configure:7231: checking for sys/ioctl.h
configure:7231: result: yes
configure:7231: checking sys/socket.h usability
configure:7231: gcc -c -g -O2  conftest.c >&5
configure:7231: $? = 0
configure:7231: result: yes
configure:7231: checking sys/socket.h presence
configure:7231: gcc -E  conftest.c
configure:7231: $? = 0
configure:7231: result: yes
configure:7231: checking for sys/socket.h
configure:7231: result: yes
configure:7231: checking sys/time.h usability
configure:7231: gcc -c -g -O2  conftest.c >&5
configure:7231: $? = 0
configure:7231: result: yes
configure:7231: checking sys/time.h presence
configure:7231: gcc -E  conftest.c
configure:7231: $? = 0
configure:7231: result: yes
configure:7231: checking for sys/time.h
configure:7231: result: yes
configure:7231: checking for unistd.h
configure:7231: result: yes
configure:7247: checking for inline
configure:7263: gcc -c -g -O2  conftest.c >&5
configure:7263: $? = 0
configure:7271: result: inline
configure:7291: checking for int8_t
configure:7291: gcc -c -g -O2  conftest.c >&5
configure:7291: $? = 0
configure:7291: gcc -c -g -O2  conftest.c >&5
conftest.c: In function 'main':
conftest.c:78:12: error: size of array 'test_array' is negative
 static int test_array [1 - 2 * !((int8_t) (((((int8_t) 1 << N) << N) - 1) * 2 + 1)
            ^~~~~~~~~~
configure:7291: $? = 1
configure: failed program was:
| /* confdefs.h */
| #define PACKAGE_NAME "axel"
| #define PACKAGE_TARNAME "axel"
| #define PACKAGE_VERSION "2.17.10+gf13ccc"
| #define PACKAGE_STRING "axel 2.17.10+gf13ccc"
| #define PACKAGE_BUGREPORT "https://github.com/axel-download-accelerator/axel/issues"
| #define PACKAGE_URL ""
| #define PACKAGE "axel"
| #define VERSION "2.17.10+gf13ccc"
| #define ARCH "linux-gnu"
| #define STDC_HEADERS 1
| #define HAVE_SYS_TYPES_H 1
| #define HAVE_SYS_STAT_H 1
| #define HAVE_STDLIB_H 1
| #define HAVE_STRING_H 1
| #define HAVE_MEMORY_H 1
| #define HAVE_STRINGS_H 1
| #define HAVE_INTTYPES_H 1
| #define HAVE_STDINT_H 1
| #define HAVE_UNISTD_H 1
| #define __EXTENSIONS__ 1
| #define _ALL_SOURCE 1
| #define _GNU_SOURCE 1
| #define _POSIX_PTHREAD_SEMANTICS 1
| #define _TANDEM_SOURCE 1
| #define NDEBUG 1
| #define HAVE_FUNC_ATTRIBUTE_FORMAT 1
| #define HAVE___BUILTIN_CLZLL 1
| #define HAVE_ARPA_INET_H 1
| #define HAVE_FCNTL_H 1
| #define HAVE_LIMITS_H 1
| #define HAVE_LOCALE_H 1
| #define HAVE_NETDB_H 1
| #define HAVE_NETINET_IN_H 1
| #define HAVE_STDLIB_H 1
| #define HAVE_SYS_IOCTL_H 1
| #define HAVE_SYS_SOCKET_H 1
| #define HAVE_SYS_TIME_H 1
| #define HAVE_UNISTD_H 1
| /* end confdefs.h.  */
| #include <stdio.h>
| #ifdef HAVE_SYS_TYPES_H
| # include <sys/types.h>
| #endif
| #ifdef HAVE_SYS_STAT_H
| # include <sys/stat.h>
| #endif
| #ifdef STDC_HEADERS
| # include <stdlib.h>
| # include <stddef.h>
| #else
| # ifdef HAVE_STDLIB_H
| #  include <stdlib.h>
| # endif
| #endif
| #ifdef HAVE_STRING_H
| # if !defined STDC_HEADERS && defined HAVE_MEMORY_H
| #  include <memory.h>
| # endif
| # include <string.h>
| #endif
| #ifdef HAVE_STRINGS_H
| # include <strings.h>
| #endif
| #ifdef HAVE_INTTYPES_H
| # include <inttypes.h>
| #endif
| #ifdef HAVE_STDINT_H
| # include <stdint.h>
| #endif
| #ifdef HAVE_UNISTD_H
| # include <unistd.h>
| #endif
| 	        enum { N = 8 / 2 - 1 };
| int
| main ()
| {
| static int test_array [1 - 2 * !((int8_t) (((((int8_t) 1 << N) << N) - 1) * 2 + 1)
| 		 < (int8_t) (((((int8_t) 1 << N) << N) - 1) * 2 + 2))];
| test_array [0] = 0;
| return test_array [0];
| 
|   ;
|   return 0;
| }
configure:7291: result: yes
configure:7302: checking for uint8_t
configure:7302: gcc -c -g -O2  conftest.c >&5
configure:7302: $? = 0
configure:7302: result: yes
configure:7316: checking for int16_t
configure:7316: gcc -c -g -O2  conftest.c >&5
configure:7316: $? = 0
configure:7316: gcc -c -g -O2  conftest.c >&5
conftest.c: In function 'main':
conftest.c:78:12: error: size of array 'test_array' is negative
 static int test_array [1 - 2 * !((int16_t) (((((int16_t) 1 << N) << N) - 1) * 2 + 1)
            ^~~~~~~~~~
configure:7316: $? = 1
configure: failed program was:
| /* confdefs.h */
| #define PACKAGE_NAME "axel"
| #define PACKAGE_TARNAME "axel"
| #define PACKAGE_VERSION "2.17.10+gf13ccc"
| #define PACKAGE_STRING "axel 2.17.10+gf13ccc"
| #define PACKAGE_BUGREPORT "https://github.com/axel-download-accelerator/axel/issues"
| #define PACKAGE_URL ""
| #define PACKAGE "axel"
| #define VERSION "2.17.10+gf13ccc"
| #define ARCH "linux-gnu"
| #define STDC_HEADERS 1
| #define HAVE_SYS_TYPES_H 1
| #define HAVE_SYS_STAT_H 1
| #define HAVE_STDLIB_H 1
| #define HAVE_STRING_H 1
| #define HAVE_MEMORY_H 1
| #define HAVE_STRINGS_H 1
| #define HAVE_INTTYPES_H 1
| #define HAVE_STDINT_H 1
| #define HAVE_UNISTD_H 1
| #define __EXTENSIONS__ 1
| #define _ALL_SOURCE 1
| #define _GNU_SOURCE 1
| #define _POSIX_PTHREAD_SEMANTICS 1
| #define _TANDEM_SOURCE 1
| #define NDEBUG 1
| #define HAVE_FUNC_ATTRIBUTE_FORMAT 1
| #define HAVE___BUILTIN_CLZLL 1
| #define HAVE_ARPA_INET_H 1
| #define HAVE_FCNTL_H 1
| #define HAVE_LIMITS_H 1
| #define HAVE_LOCALE_H 1
| #define HAVE_NETDB_H 1
| #define HAVE_NETINET_IN_H 1
| #define HAVE_STDLIB_H 1
| #define HAVE_SYS_IOCTL_H 1
| #define HAVE_SYS_SOCKET_H 1
| #define HAVE_SYS_TIME_H 1
| #define HAVE_UNISTD_H 1
| /* end confdefs.h.  */
| #include <stdio.h>
| #ifdef HAVE_SYS_TYPES_H
| # include <sys/types.h>
| #endif
| #ifdef HAVE_SYS_STAT_H
| # include <sys/stat.h>
| #endif
| #ifdef STDC_HEADERS
| # include <stdlib.h>
| # include <stddef.h>
| #else
| # ifdef HAVE_STDLIB_H
| #  include <stdlib.h>
| # endif
| #endif
| #ifdef HAVE_STRING_H
| # if !defined STDC_HEADERS && defined HAVE_MEMORY_H
| #  include <memory.h>
| # endif
| # include <string.h>
| #endif
| #ifdef HAVE_STRINGS_H
| # include <strings.h>
| #endif
| #ifdef HAVE_INTTYPES_H
| # include <inttypes.h>
| #endif
| #ifdef HAVE_STDINT_H
| # include <stdint.h>
| #endif
| #ifdef HAVE_UNISTD_H
| # include <unistd.h>
| #endif
| 	        enum { N = 16 / 2 - 1 };
| int
| main ()
| {
| static int test_array [1 - 2 * !((int16_t) (((((int16_t) 1 << N) << N) - 1) * 2 + 1)
| 		 < (int16_t) (((((int16_t) 1 << N) << N) - 1) * 2 + 2))];
| test_array [0] = 0;
| return test_array [0];
| 
|   ;
|   return 0;
| }
configure:7316: result: yes
configure:7327: checking for uint16_t
configure:7327: gcc -c -g -O2  conftest.c >&5
configure:7327: $? = 0
configure:7327: result: yes
configure:7339: checking for int32_t
configure:7339: gcc -c -g -O2  conftest.c >&5
configure:7339: $? = 0
configure:7339: gcc -c -g -O2  conftest.c >&5
conftest.c: In function 'main':
conftest.c:79:53: warning: integer overflow in expression [-Woverflow]
    < (int32_t) (((((int32_t) 1 << N) << N) - 1) * 2 + 2))];
                                                     ^
conftest.c:78:12: error: storage size of 'test_array' isn't constant
 static int test_array [1 - 2 * !((int32_t) (((((int32_t) 1 << N) << N) - 1) * 2 + 1)
            ^~~~~~~~~~
configure:7339: $? = 1
configure: failed program was:
| /* confdefs.h */
| #define PACKAGE_NAME "axel"
| #define PACKAGE_TARNAME "axel"
| #define PACKAGE_VERSION "2.17.10+gf13ccc"
| #define PACKAGE_STRING "axel 2.17.10+gf13ccc"
| #define PACKAGE_BUGREPORT "https://github.com/axel-download-accelerator/axel/issues"
| #define PACKAGE_URL ""
| #define PACKAGE "axel"
| #define VERSION "2.17.10+gf13ccc"
| #define ARCH "linux-gnu"
| #define STDC_HEADERS 1
| #define HAVE_SYS_TYPES_H 1
| #define HAVE_SYS_STAT_H 1
| #define HAVE_STDLIB_H 1
| #define HAVE_STRING_H 1
| #define HAVE_MEMORY_H 1
| #define HAVE_STRINGS_H 1
| #define HAVE_INTTYPES_H 1
| #define HAVE_STDINT_H 1
| #define HAVE_UNISTD_H 1
| #define __EXTENSIONS__ 1
| #define _ALL_SOURCE 1
| #define _GNU_SOURCE 1
| #define _POSIX_PTHREAD_SEMANTICS 1
| #define _TANDEM_SOURCE 1
| #define NDEBUG 1
| #define HAVE_FUNC_ATTRIBUTE_FORMAT 1
| #define HAVE___BUILTIN_CLZLL 1
| #define HAVE_ARPA_INET_H 1
| #define HAVE_FCNTL_H 1
| #define HAVE_LIMITS_H 1
| #define HAVE_LOCALE_H 1
| #define HAVE_NETDB_H 1
| #define HAVE_NETINET_IN_H 1
| #define HAVE_STDLIB_H 1
| #define HAVE_SYS_IOCTL_H 1
| #define HAVE_SYS_SOCKET_H 1
| #define HAVE_SYS_TIME_H 1
| #define HAVE_UNISTD_H 1
| /* end confdefs.h.  */
| #include <stdio.h>
| #ifdef HAVE_SYS_TYPES_H
| # include <sys/types.h>
| #endif
| #ifdef HAVE_SYS_STAT_H
| # include <sys/stat.h>
| #endif
| #ifdef STDC_HEADERS
| # include <stdlib.h>
| # include <stddef.h>
| #else
| # ifdef HAVE_STDLIB_H
| #  include <stdlib.h>
| # endif
| #endif
| #ifdef HAVE_STRING_H
| # if !defined STDC_HEADERS && defined HAVE_MEMORY_H
| #  include <memory.h>
| # endif
| # include <string.h>
| #endif
| #ifdef HAVE_STRINGS_H
| # include <strings.h>
| #endif
| #ifdef HAVE_INTTYPES_H
| # include <inttypes.h>
| #endif
| #ifdef HAVE_STDINT_H
| # include <stdint.h>
| #endif
| #ifdef HAVE_UNISTD_H
| # include <unistd.h>
| #endif
| 	        enum { N = 32 / 2 - 1 };
| int
| main ()
| {
| static int test_array [1 - 2 * !((int32_t) (((((int32_t) 1 << N) << N) - 1) * 2 + 1)
| 		 < (int32_t) (((((int32_t) 1 << N) << N) - 1) * 2 + 2))];
| test_array [0] = 0;
| return test_array [0];
| 
|   ;
|   return 0;
| }
configure:7339: result: yes
configure:7350: checking for uint32_t
configure:7350: gcc -c -g -O2  conftest.c >&5
configure:7350: $? = 0
configure:7350: result: yes
configure:7364: checking for int64_t
configure:7364: gcc -c -g -O2  conftest.c >&5
configure:7364: $? = 0
configure:7364: gcc -c -g -O2  conftest.c >&5
conftest.c: In function 'main':
conftest.c:79:53: warning: integer overflow in expression [-Woverflow]
    < (int64_t) (((((int64_t) 1 << N) << N) - 1) * 2 + 2))];
                                                     ^
conftest.c:78:12: error: storage size of 'test_array' isn't constant
 static int test_array [1 - 2 * !((int64_t) (((((int64_t) 1 << N) << N) - 1) * 2 + 1)
            ^~~~~~~~~~
configure:7364: $? = 1
configure: failed program was:
| /* confdefs.h */
| #define PACKAGE_NAME "axel"
| #define PACKAGE_TARNAME "axel"
| #define PACKAGE_VERSION "2.17.10+gf13ccc"
| #define PACKAGE_STRING "axel 2.17.10+gf13ccc"
| #define PACKAGE_BUGREPORT "https://github.com/axel-download-accelerator/axel/issues"
| #define PACKAGE_URL ""
| #define PACKAGE "axel"
| #define VERSION "2.17.10+gf13ccc"
| #define ARCH "linux-gnu"
| #define STDC_HEADERS 1
| #define HAVE_SYS_TYPES_H 1
| #define HAVE_SYS_STAT_H 1
| #define HAVE_STDLIB_H 1
| #define HAVE_STRING_H 1
| #define HAVE_MEMORY_H 1
| #define HAVE_STRINGS_H 1
| #define HAVE_INTTYPES_H 1
| #define HAVE_STDINT_H 1
| #define HAVE_UNISTD_H 1
| #define __EXTENSIONS__ 1
| #define _ALL_SOURCE 1
| #define _GNU_SOURCE 1
| #define _POSIX_PTHREAD_SEMANTICS 1
| #define _TANDEM_SOURCE 1
| #define NDEBUG 1
| #define HAVE_FUNC_ATTRIBUTE_FORMAT 1
| #define HAVE___BUILTIN_CLZLL 1
| #define HAVE_ARPA_INET_H 1
| #define HAVE_FCNTL_H 1
| #define HAVE_LIMITS_H 1
| #define HAVE_LOCALE_H 1
| #define HAVE_NETDB_H 1
| #define HAVE_NETINET_IN_H 1
| #define HAVE_STDLIB_H 1
| #define HAVE_SYS_IOCTL_H 1
| #define HAVE_SYS_SOCKET_H 1
| #define HAVE_SYS_TIME_H 1
| #define HAVE_UNISTD_H 1
| /* end confdefs.h.  */
| #include <stdio.h>
| #ifdef HAVE_SYS_TYPES_H
| # include <sys/types.h>
| #endif
| #ifdef HAVE_SYS_STAT_H
| # include <sys/stat.h>
| #endif
| #ifdef STDC_HEADERS
| # include <stdlib.h>
| # include <stddef.h>
| #else
| # ifdef HAVE_STDLIB_H
| #  include <stdlib.h>
| # endif
| #endif
| #ifdef HAVE_STRING_H
| # if !defined STDC_HEADERS && defined HAVE_MEMORY_H
| #  include <memory.h>
| # endif
| # include <string.h>
| #endif
| #ifdef HAVE_STRINGS_H
| # include <strings.h>
| #endif
| #ifdef HAVE_INTTYPES_H
| # include <inttypes.h>
| #endif
| #ifdef HAVE_STDINT_H
| # include <stdint.h>
| #endif
| #ifdef HAVE_UNISTD_H
| # include <unistd.h>
| #endif
| 	        enum { N = 64 / 2 - 1 };
| int
| main ()
| {
| static int test_array [1 - 2 * !((int64_t) (((((int64_t) 1 << N) << N) - 1) * 2 + 1)
| 		 < (int64_t) (((((int64_t) 1 << N) << N) - 1) * 2 + 2))];
| test_array [0] = 0;
| return test_array [0];
| 
|   ;
|   return 0;
| }
configure:7364: result: yes
configure:7375: checking for uint64_t
configure:7375: gcc -c -g -O2  conftest.c >&5
configure:7375: $? = 0
configure:7375: result: yes
configure:7391: checking for size_t
configure:7391: gcc -c -g -O2  conftest.c >&5
configure:7391: $? = 0
configure:7391: gcc -c -g -O2  conftest.c >&5
conftest.c: In function 'main':
conftest.c:77:21: error: expected expression before ')' token
 if (sizeof ((size_t)))
                     ^
configure:7391: $? = 1
configure: failed program was:
| /* confdefs.h */
| #define PACKAGE_NAME "axel"
| #define PACKAGE_TARNAME "axel"
| #define PACKAGE_VERSION "2.17.10+gf13ccc"
| #define PACKAGE_STRING "axel 2.17.10+gf13ccc"
| #define PACKAGE_BUGREPORT "https://github.com/axel-download-accelerator/axel/issues"
| #define PACKAGE_URL ""
| #define PACKAGE "axel"
| #define VERSION "2.17.10+gf13ccc"
| #define ARCH "linux-gnu"
| #define STDC_HEADERS 1
| #define HAVE_SYS_TYPES_H 1
| #define HAVE_SYS_STAT_H 1
| #define HAVE_STDLIB_H 1
| #define HAVE_STRING_H 1
| #define HAVE_MEMORY_H 1
| #define HAVE_STRINGS_H 1
| #define HAVE_INTTYPES_H 1
| #define HAVE_STDINT_H 1
| #define HAVE_UNISTD_H 1
| #define __EXTENSIONS__ 1
| #define _ALL_SOURCE 1
| #define _GNU_SOURCE 1
| #define _POSIX_PTHREAD_SEMANTICS 1
| #define _TANDEM_SOURCE 1
| #define NDEBUG 1
| #define HAVE_FUNC_ATTRIBUTE_FORMAT 1
| #define HAVE___BUILTIN_CLZLL 1
| #define HAVE_ARPA_INET_H 1
| #define HAVE_FCNTL_H 1
| #define HAVE_LIMITS_H 1
| #define HAVE_LOCALE_H 1
| #define HAVE_NETDB_H 1
| #define HAVE_NETINET_IN_H 1
| #define HAVE_STDLIB_H 1
| #define HAVE_SYS_IOCTL_H 1
| #define HAVE_SYS_SOCKET_H 1
| #define HAVE_SYS_TIME_H 1
| #define HAVE_UNISTD_H 1
| /* end confdefs.h.  */
| #include <stdio.h>
| #ifdef HAVE_SYS_TYPES_H
| # include <sys/types.h>
| #endif
| #ifdef HAVE_SYS_STAT_H
| # include <sys/stat.h>
| #endif
| #ifdef STDC_HEADERS
| # include <stdlib.h>
| # include <stddef.h>
| #else
| # ifdef HAVE_STDLIB_H
| #  include <stdlib.h>
| # endif
| #endif
| #ifdef HAVE_STRING_H
| # if !defined STDC_HEADERS && defined HAVE_MEMORY_H
| #  include <memory.h>
| # endif
| # include <string.h>
| #endif
| #ifdef HAVE_STRINGS_H
| # include <strings.h>
| #endif
| #ifdef HAVE_INTTYPES_H
| # include <inttypes.h>
| #endif
| #ifdef HAVE_STDINT_H
| # include <stdint.h>
| #endif
| #ifdef HAVE_UNISTD_H
| # include <unistd.h>
| #endif
| int
| main ()
| {
| if (sizeof ((size_t)))
| 	    return 0;
|   ;
|   return 0;
| }
configure:7391: result: yes
configure:7402: checking for ssize_t
configure:7402: gcc -c -g -O2  conftest.c >&5
configure:7402: $? = 0
configure:7402: gcc -c -g -O2  conftest.c >&5
conftest.c: In function 'main':
conftest.c:77:22: error: expected expression before ')' token
 if (sizeof ((ssize_t)))
                      ^
configure:7402: $? = 1
configure: failed program was:
| /* confdefs.h */
| #define PACKAGE_NAME "axel"
| #define PACKAGE_TARNAME "axel"
| #define PACKAGE_VERSION "2.17.10+gf13ccc"
| #define PACKAGE_STRING "axel 2.17.10+gf13ccc"
| #define PACKAGE_BUGREPORT "https://github.com/axel-download-accelerator/axel/issues"
| #define PACKAGE_URL ""
| #define PACKAGE "axel"
| #define VERSION "2.17.10+gf13ccc"
| #define ARCH "linux-gnu"
| #define STDC_HEADERS 1
| #define HAVE_SYS_TYPES_H 1
| #define HAVE_SYS_STAT_H 1
| #define HAVE_STDLIB_H 1
| #define HAVE_STRING_H 1
| #define HAVE_MEMORY_H 1
| #define HAVE_STRINGS_H 1
| #define HAVE_INTTYPES_H 1
| #define HAVE_STDINT_H 1
| #define HAVE_UNISTD_H 1
| #define __EXTENSIONS__ 1
| #define _ALL_SOURCE 1
| #define _GNU_SOURCE 1
| #define _POSIX_PTHREAD_SEMANTICS 1
| #define _TANDEM_SOURCE 1
| #define NDEBUG 1
| #define HAVE_FUNC_ATTRIBUTE_FORMAT 1
| #define HAVE___BUILTIN_CLZLL 1
| #define HAVE_ARPA_INET_H 1
| #define HAVE_FCNTL_H 1
| #define HAVE_LIMITS_H 1
| #define HAVE_LOCALE_H 1
| #define HAVE_NETDB_H 1
| #define HAVE_NETINET_IN_H 1
| #define HAVE_STDLIB_H 1
| #define HAVE_SYS_IOCTL_H 1
| #define HAVE_SYS_SOCKET_H 1
| #define HAVE_SYS_TIME_H 1
| #define HAVE_UNISTD_H 1
| /* end confdefs.h.  */
| #include <stdio.h>
| #ifdef HAVE_SYS_TYPES_H
| # include <sys/types.h>
| #endif
| #ifdef HAVE_SYS_STAT_H
| # include <sys/stat.h>
| #endif
| #ifdef STDC_HEADERS
| # include <stdlib.h>
| # include <stddef.h>
| #else
| # ifdef HAVE_STDLIB_H
| #  include <stdlib.h>
| # endif
| #endif
| #ifdef HAVE_STRING_H
| # if !defined STDC_HEADERS && defined HAVE_MEMORY_H
| #  include <memory.h>
| # endif
| # include <string.h>
| #endif
| #ifdef HAVE_STRINGS_H
| # include <strings.h>
| #endif
| #ifdef HAVE_INTTYPES_H
| # include <inttypes.h>
| #endif
| #ifdef HAVE_STDINT_H
| # include <stdint.h>
| #endif
| #ifdef HAVE_UNISTD_H
| # include <unistd.h>
| #endif
| int
| main ()
| {
| if (sizeof ((ssize_t)))
| 	    return 0;
|   ;
|   return 0;
| }
configure:7402: result: yes
configure:7413: checking for mode_t
configure:7413: gcc -c -g -O2  conftest.c >&5
configure:7413: $? = 0
configure:7413: gcc -c -g -O2  conftest.c >&5
conftest.c: In function 'main':
conftest.c:77:21: error: expected expression before ')' token
 if (sizeof ((mode_t)))
                     ^
configure:7413: $? = 1
configure: failed program was:
| /* confdefs.h */
| #define PACKAGE_NAME "axel"
| #define PACKAGE_TARNAME "axel"
| #define PACKAGE_VERSION "2.17.10+gf13ccc"
| #define PACKAGE_STRING "axel 2.17.10+gf13ccc"
| #define PACKAGE_BUGREPORT "https://github.com/axel-download-accelerator/axel/issues"
| #define PACKAGE_URL ""
| #define PACKAGE "axel"
| #define VERSION "2.17.10+gf13ccc"
| #define ARCH "linux-gnu"
| #define STDC_HEADERS 1
| #define HAVE_SYS_TYPES_H 1
| #define HAVE_SYS_STAT_H 1
| #define HAVE_STDLIB_H 1
| #define HAVE_STRING_H 1
| #define HAVE_MEMORY_H 1
| #define HAVE_STRINGS_H 1
| #define HAVE_INTTYPES_H 1
| #define HAVE_STDINT_H 1
| #define HAVE_UNISTD_H 1
| #define __EXTENSIONS__ 1
| #define _ALL_SOURCE 1
| #define _GNU_SOURCE 1
| #define _POSIX_PTHREAD_SEMANTICS 1
| #define _TANDEM_SOURCE 1
| #define NDEBUG 1
| #define HAVE_FUNC_ATTRIBUTE_FORMAT 1
| #define HAVE___BUILTIN_CLZLL 1
| #define HAVE_ARPA_INET_H 1
| #define HAVE_FCNTL_H 1
| #define HAVE_LIMITS_H 1
| #define HAVE_LOCALE_H 1
| #define HAVE_NETDB_H 1
| #define HAVE_NETINET_IN_H 1
| #define HAVE_STDLIB_H 1
| #define HAVE_SYS_IOCTL_H 1
| #define HAVE_SYS_SOCKET_H 1
| #define HAVE_SYS_TIME_H 1
| #define HAVE_UNISTD_H 1
| /* end confdefs.h.  */
| #include <stdio.h>
| #ifdef HAVE_SYS_TYPES_H
| # include <sys/types.h>
| #endif
| #ifdef HAVE_SYS_STAT_H
| # include <sys/stat.h>
| #endif
| #ifdef STDC_HEADERS
| # include <stdlib.h>
| # include <stddef.h>
| #else
| # ifdef HAVE_STDLIB_H
| #  include <stdlib.h>
| # endif
| #endif
| #ifdef HAVE_STRING_H
| # if !defined STDC_HEADERS && defined HAVE_MEMORY_H
| #  include <memory.h>
| # endif
| # include <string.h>
| #endif
| #ifdef HAVE_STRINGS_H
| # include <strings.h>
| #endif
| #ifdef HAVE_INTTYPES_H
| # include <inttypes.h>
| #endif
| #ifdef HAVE_STDINT_H
| # include <stdint.h>
| #endif
| #ifdef HAVE_UNISTD_H
| # include <unistd.h>
| #endif
| int
| main ()
| {
| if (sizeof ((mode_t)))
| 	    return 0;
|   ;
|   return 0;
| }
configure:7413: result: yes
configure:7424: checking return type of signal handlers
configure:7442: gcc -c -g -O2  conftest.c >&5
conftest.c: In function 'main':
conftest.c:47:10: error: void value not ignored as it ought to be
 return *(signal (0, 0)) (0) == 1;
         ~^~~~~~~~~~~~~~~~~~
configure:7442: $? = 1
configure: failed program was:
| /* confdefs.h */
| #define PACKAGE_NAME "axel"
| #define PACKAGE_TARNAME "axel"
| #define PACKAGE_VERSION "2.17.10+gf13ccc"
| #define PACKAGE_STRING "axel 2.17.10+gf13ccc"
| #define PACKAGE_BUGREPORT "https://github.com/axel-download-accelerator/axel/issues"
| #define PACKAGE_URL ""
| #define PACKAGE "axel"
| #define VERSION "2.17.10+gf13ccc"
| #define ARCH "linux-gnu"
| #define STDC_HEADERS 1
| #define HAVE_SYS_TYPES_H 1
| #define HAVE_SYS_STAT_H 1
| #define HAVE_STDLIB_H 1
| #define HAVE_STRING_H 1
| #define HAVE_MEMORY_H 1
| #define HAVE_STRINGS_H 1
| #define HAVE_INTTYPES_H 1
| #define HAVE_STDINT_H 1
| #define HAVE_UNISTD_H 1
| #define __EXTENSIONS__ 1
| #define _ALL_SOURCE 1
| #define _GNU_SOURCE 1
| #define _POSIX_PTHREAD_SEMANTICS 1
| #define _TANDEM_SOURCE 1
| #define NDEBUG 1
| #define HAVE_FUNC_ATTRIBUTE_FORMAT 1
| #define HAVE___BUILTIN_CLZLL 1
| #define HAVE_ARPA_INET_H 1
| #define HAVE_FCNTL_H 1
| #define HAVE_LIMITS_H 1
| #define HAVE_LOCALE_H 1
| #define HAVE_NETDB_H 1
| #define HAVE_NETINET_IN_H 1
| #define HAVE_STDLIB_H 1
| #define HAVE_SYS_IOCTL_H 1
| #define HAVE_SYS_SOCKET_H 1
| #define HAVE_SYS_TIME_H 1
| #define HAVE_UNISTD_H 1
| /* end confdefs.h.  */
| #include <sys/types.h>
| #include <signal.h>
| 
| int
| main ()
| {
| return *(signal (0, 0)) (0) == 1;
|   ;
|   return 0;
| }
configure:7449: result: void
configure:7461: checking for off_t
configure:7461: gcc -c -g -O2  conftest.c >&5
configure:7461: $? = 0
configure:7461: gcc -c -g -O2  conftest.c >&5
conftest.c: In function 'main':
conftest.c:79:20: error: expected expression before ')' token
 if (sizeof ((off_t)))
                    ^
configure:7461: $? = 1
configure: failed program was:
| /* confdefs.h */
| #define PACKAGE_NAME "axel"
| #define PACKAGE_TARNAME "axel"
| #define PACKAGE_VERSION "2.17.10+gf13ccc"
| #define PACKAGE_STRING "axel 2.17.10+gf13ccc"
| #define PACKAGE_BUGREPORT "https://github.com/axel-download-accelerator/axel/issues"
| #define PACKAGE_URL ""
| #define PACKAGE "axel"
| #define VERSION "2.17.10+gf13ccc"
| #define ARCH "linux-gnu"
| #define STDC_HEADERS 1
| #define HAVE_SYS_TYPES_H 1
| #define HAVE_SYS_STAT_H 1
| #define HAVE_STDLIB_H 1
| #define HAVE_STRING_H 1
| #define HAVE_MEMORY_H 1
| #define HAVE_STRINGS_H 1
| #define HAVE_INTTYPES_H 1
| #define HAVE_STDINT_H 1
| #define HAVE_UNISTD_H 1
| #define __EXTENSIONS__ 1
| #define _ALL_SOURCE 1
| #define _GNU_SOURCE 1
| #define _POSIX_PTHREAD_SEMANTICS 1
| #define _TANDEM_SOURCE 1
| #define NDEBUG 1
| #define HAVE_FUNC_ATTRIBUTE_FORMAT 1
| #define HAVE___BUILTIN_CLZLL 1
| #define HAVE_ARPA_INET_H 1
| #define HAVE_FCNTL_H 1
| #define HAVE_LIMITS_H 1
| #define HAVE_LOCALE_H 1
| #define HAVE_NETDB_H 1
| #define HAVE_NETINET_IN_H 1
| #define HAVE_STDLIB_H 1
| #define HAVE_SYS_IOCTL_H 1
| #define HAVE_SYS_SOCKET_H 1
| #define HAVE_SYS_TIME_H 1
| #define HAVE_UNISTD_H 1
| #define RETSIGTYPE void
| /* end confdefs.h.  */
| #include <stdio.h>
| #ifdef HAVE_SYS_TYPES_H
| # include <sys/types.h>
| #endif
| #ifdef HAVE_SYS_STAT_H
| # include <sys/stat.h>
| #endif
| #ifdef STDC_HEADERS
| # include <stdlib.h>
| # include <stddef.h>
| #else
| # ifdef HAVE_STDLIB_H
| #  include <stdlib.h>
| # endif
| #endif
| #ifdef HAVE_STRING_H
| # if !defined STDC_HEADERS && defined HAVE_MEMORY_H
| #  include <memory.h>
| # endif
| # include <string.h>
| #endif
| #ifdef HAVE_STRINGS_H
| # include <strings.h>
| #endif
| #ifdef HAVE_INTTYPES_H
| # include <inttypes.h>
| #endif
| #ifdef HAVE_STDINT_H
| # include <stdint.h>
| #endif
| #ifdef HAVE_UNISTD_H
| # include <unistd.h>
| #endif
| 
| int
| main ()
| {
| if (sizeof ((off_t)))
| 	    return 0;
|   ;
|   return 0;
| }
configure:7461: result: yes
configure:7465: checking for off_t compatibility
configure:7482: gcc -c -g -O2  conftest.c >&5
configure:7482: $? = 0
configure:7490: result: yes
configure:7531: checking for getaddrinfo
configure:7531: gcc -o conftest -g -O2   conftest.c  >&5
configure:7531: $? = 0
configure:7531: result: yes
configure:7531: checking for gettimeofday
configure:7531: gcc -o conftest -g -O2   conftest.c  >&5
configure:7531: $? = 0
configure:7531: result: yes
configure:7531: checking for inet_ntoa
configure:7531: gcc -o conftest -g -O2   conftest.c  >&5
configure:7531: $? = 0
configure:7531: result: yes
configure:7531: checking for malloc
configure:7531: gcc -o conftest -g -O2   conftest.c  >&5
conftest.c:69:6: warning: conflicting types for built-in function 'malloc' [-Wbuiltin-declaration-mismatch]
 char malloc ();
      ^~~~~~
configure:7531: $? = 0
configure:7531: result: yes
configure:7531: checking for memset
configure:7531: gcc -o conftest -g -O2   conftest.c  >&5
conftest.c:70:6: warning: conflicting types for built-in function 'memset' [-Wbuiltin-declaration-mismatch]
 char memset ();
      ^~~~~~
configure:7531: $? = 0
configure:7531: result: yes
configure:7531: checking for nanosleep
configure:7531: gcc -o conftest -g -O2   conftest.c  >&5
configure:7531: $? = 0
configure:7531: result: yes
configure:7531: checking for realloc
configure:7531: gcc -o conftest -g -O2   conftest.c  >&5
conftest.c:72:6: warning: conflicting types for built-in function 'realloc' [-Wbuiltin-declaration-mismatch]
 char realloc ();
      ^~~~~~~
configure:7531: $? = 0
configure:7531: result: yes
configure:7531: checking for select
configure:7531: gcc -o conftest -g -O2   conftest.c  >&5
configure:7531: $? = 0
configure:7531: result: yes
configure:7531: checking for setlocale
configure:7531: gcc -o conftest -g -O2   conftest.c  >&5
configure:7531: $? = 0
configure:7531: result: yes
configure:7531: checking for socket
configure:7531: gcc -o conftest -g -O2   conftest.c  >&5
configure:7531: $? = 0
configure:7531: result: yes
configure:7531: checking for strcasecmp
configure:7531: gcc -o conftest -g -O2   conftest.c  >&5
conftest.c:76:6: warning: conflicting types for built-in function 'strcasecmp' [-Wbuiltin-declaration-mismatch]
 char strcasecmp ();
      ^~~~~~~~~~
configure:7531: $? = 0
configure:7531: result: yes
configure:7531: checking for strchr
configure:7531: gcc -o conftest -g -O2   conftest.c  >&5
conftest.c:77:6: warning: conflicting types for built-in function 'strchr' [-Wbuiltin-declaration-mismatch]
 char strchr ();
      ^~~~~~
configure:7531: $? = 0
configure:7531: result: yes
configure:7531: checking for strerror
configure:7531: gcc -o conftest -g -O2   conftest.c  >&5
configure:7531: $? = 0
configure:7531: result: yes
configure:7531: checking for strncasecmp
configure:7531: gcc -o conftest -g -O2   conftest.c  >&5
conftest.c:79:6: warning: conflicting types for built-in function 'strncasecmp' [-Wbuiltin-declaration-mismatch]
 char strncasecmp ();
      ^~~~~~~~~~~
configure:7531: $? = 0
configure:7531: result: yes
configure:7531: checking for strpbrk
configure:7531: gcc -o conftest -g -O2   conftest.c  >&5
conftest.c:80:6: warning: conflicting types for built-in function 'strpbrk' [-Wbuiltin-declaration-mismatch]
 char strpbrk ();
      ^~~~~~~
configure:7531: $? = 0
configure:7531: result: yes
configure:7531: checking for strrchr
configure:7531: gcc -o conftest -g -O2   conftest.c  >&5
conftest.c:81:6: warning: conflicting types for built-in function 'strrchr' [-Wbuiltin-declaration-mismatch]
 char strrchr ();
      ^~~~~~~
configure:7531: $? = 0
configure:7531: result: yes
configure:7531: checking for strstr
configure:7531: gcc -o conftest -g -O2   conftest.c  >&5
conftest.c:82:6: warning: conflicting types for built-in function 'strstr' [-Wbuiltin-declaration-mismatch]
 char strstr ();
      ^~~~~~
configure:7531: $? = 0
configure:7531: result: yes
configure:7531: checking for strtoul
configure:7531: gcc -o conftest -g -O2   conftest.c  >&5
configure:7531: $? = 0
configure:7531: result: yes
configure:7531: checking for strtoll
configure:7531: gcc -o conftest -g -O2   conftest.c  >&5
configure:7531: $? = 0
configure:7531: result: yes
configure:7545: checking for strlcpy
configure:7545: gcc -o conftest -g -O2   conftest.c  >&5
/tmp/ccXrCTc0.o: In function `main':
/home/mmm/build-tools-gcc/sources/axel/conftest.c:96: undefined reference to `strlcpy'
collect2: error: ld returned 1 exit status
configure:7545: $? = 1
configure: failed program was:
| /* confdefs.h */
| #define PACKAGE_NAME "axel"
| #define PACKAGE_TARNAME "axel"
| #define PACKAGE_VERSION "2.17.10+gf13ccc"
| #define PACKAGE_STRING "axel 2.17.10+gf13ccc"
| #define PACKAGE_BUGREPORT "https://github.com/axel-download-accelerator/axel/issues"
| #define PACKAGE_URL ""
| #define PACKAGE "axel"
| #define VERSION "2.17.10+gf13ccc"
| #define ARCH "linux-gnu"
| #define STDC_HEADERS 1
| #define HAVE_SYS_TYPES_H 1
| #define HAVE_SYS_STAT_H 1
| #define HAVE_STDLIB_H 1
| #define HAVE_STRING_H 1
| #define HAVE_MEMORY_H 1
| #define HAVE_STRINGS_H 1
| #define HAVE_INTTYPES_H 1
| #define HAVE_STDINT_H 1
| #define HAVE_UNISTD_H 1
| #define __EXTENSIONS__ 1
| #define _ALL_SOURCE 1
| #define _GNU_SOURCE 1
| #define _POSIX_PTHREAD_SEMANTICS 1
| #define _TANDEM_SOURCE 1
| #define NDEBUG 1
| #define HAVE_FUNC_ATTRIBUTE_FORMAT 1
| #define HAVE___BUILTIN_CLZLL 1
| #define HAVE_ARPA_INET_H 1
| #define HAVE_FCNTL_H 1
| #define HAVE_LIMITS_H 1
| #define HAVE_LOCALE_H 1
| #define HAVE_NETDB_H 1
| #define HAVE_NETINET_IN_H 1
| #define HAVE_STDLIB_H 1
| #define HAVE_SYS_IOCTL_H 1
| #define HAVE_SYS_SOCKET_H 1
| #define HAVE_SYS_TIME_H 1
| #define HAVE_UNISTD_H 1
| #define RETSIGTYPE void
| #define HAVE_OFF_T 1
| #define HAVE_GETADDRINFO 1
| #define HAVE_GETTIMEOFDAY 1
| #define HAVE_INET_NTOA 1
| #define HAVE_MALLOC 1
| #define HAVE_MEMSET 1
| #define HAVE_NANOSLEEP 1
| #define HAVE_REALLOC 1
| #define HAVE_SELECT 1
| #define HAVE_SETLOCALE 1
| #define HAVE_SOCKET 1
| #define HAVE_STRCASECMP 1
| #define HAVE_STRCHR 1
| #define HAVE_STRERROR 1
| #define HAVE_STRNCASECMP 1
| #define HAVE_STRPBRK 1
| #define HAVE_STRRCHR 1
| #define HAVE_STRSTR 1
| #define HAVE_STRTOUL 1
| #define HAVE_STRTOLL 1
| /* end confdefs.h.  */
| /* Define strlcpy to an innocuous variant, in case <limits.h> declares strlcpy.
|    For example, HP-UX 11i <limits.h> declares gettimeofday.  */
| #define strlcpy innocuous_strlcpy
| 
| /* System header to define __stub macros and hopefully few prototypes,
|     which can conflict with char strlcpy (); below.
|     Prefer <limits.h> to <assert.h> if __STDC__ is defined, since
|     <limits.h> exists even on freestanding compilers.  */
| 
| #ifdef __STDC__
| # include <limits.h>
| #else
| # include <assert.h>
| #endif
| 
| #undef strlcpy
| 
| /* Override any GCC internal prototype to avoid an error.
|    Use char because int might match the return type of a GCC
|    builtin and then its argument prototype would still apply.  */
| #ifdef __cplusplus
| extern "C"
| #endif
| char strlcpy ();
| /* The GNU C library defines this for functions which it implements
|     to always fail with ENOSYS.  Some functions are actually named
|     something starting with __ and the normal name is an alias.  */
| #if defined __stub_strlcpy || defined __stub___strlcpy
| choke me
| #endif
| 
| int
| main ()
| {
| return strlcpy ();
|   ;
|   return 0;
| }
configure:7545: result: no
configure:7558: checking for strlcat
configure:7558: gcc -o conftest -g -O2   conftest.c  >&5
/tmp/ccRe4dvV.o: In function `main':
/home/mmm/build-tools-gcc/sources/axel/conftest.c:96: undefined reference to `strlcat'
collect2: error: ld returned 1 exit status
configure:7558: $? = 1
configure: failed program was:
| /* confdefs.h */
| #define PACKAGE_NAME "axel"
| #define PACKAGE_TARNAME "axel"
| #define PACKAGE_VERSION "2.17.10+gf13ccc"
| #define PACKAGE_STRING "axel 2.17.10+gf13ccc"
| #define PACKAGE_BUGREPORT "https://github.com/axel-download-accelerator/axel/issues"
| #define PACKAGE_URL ""
| #define PACKAGE "axel"
| #define VERSION "2.17.10+gf13ccc"
| #define ARCH "linux-gnu"
| #define STDC_HEADERS 1
| #define HAVE_SYS_TYPES_H 1
| #define HAVE_SYS_STAT_H 1
| #define HAVE_STDLIB_H 1
| #define HAVE_STRING_H 1
| #define HAVE_MEMORY_H 1
| #define HAVE_STRINGS_H 1
| #define HAVE_INTTYPES_H 1
| #define HAVE_STDINT_H 1
| #define HAVE_UNISTD_H 1
| #define __EXTENSIONS__ 1
| #define _ALL_SOURCE 1
| #define _GNU_SOURCE 1
| #define _POSIX_PTHREAD_SEMANTICS 1
| #define _TANDEM_SOURCE 1
| #define NDEBUG 1
| #define HAVE_FUNC_ATTRIBUTE_FORMAT 1
| #define HAVE___BUILTIN_CLZLL 1
| #define HAVE_ARPA_INET_H 1
| #define HAVE_FCNTL_H 1
| #define HAVE_LIMITS_H 1
| #define HAVE_LOCALE_H 1
| #define HAVE_NETDB_H 1
| #define HAVE_NETINET_IN_H 1
| #define HAVE_STDLIB_H 1
| #define HAVE_SYS_IOCTL_H 1
| #define HAVE_SYS_SOCKET_H 1
| #define HAVE_SYS_TIME_H 1
| #define HAVE_UNISTD_H 1
| #define RETSIGTYPE void
| #define HAVE_OFF_T 1
| #define HAVE_GETADDRINFO 1
| #define HAVE_GETTIMEOFDAY 1
| #define HAVE_INET_NTOA 1
| #define HAVE_MALLOC 1
| #define HAVE_MEMSET 1
| #define HAVE_NANOSLEEP 1
| #define HAVE_REALLOC 1
| #define HAVE_SELECT 1
| #define HAVE_SETLOCALE 1
| #define HAVE_SOCKET 1
| #define HAVE_STRCASECMP 1
| #define HAVE_STRCHR 1
| #define HAVE_STRERROR 1
| #define HAVE_STRNCASECMP 1
| #define HAVE_STRPBRK 1
| #define HAVE_STRRCHR 1
| #define HAVE_STRSTR 1
| #define HAVE_STRTOUL 1
| #define HAVE_STRTOLL 1
| /* end confdefs.h.  */
| /* Define strlcat to an innocuous variant, in case <limits.h> declares strlcat.
|    For example, HP-UX 11i <limits.h> declares gettimeofday.  */
| #define strlcat innocuous_strlcat
| 
| /* System header to define __stub macros and hopefully few prototypes,
|     which can conflict with char strlcat (); below.
|     Prefer <limits.h> to <assert.h> if __STDC__ is defined, since
|     <limits.h> exists even on freestanding compilers.  */
| 
| #ifdef __STDC__
| # include <limits.h>
| #else
| # include <assert.h>
| #endif
| 
| #undef strlcat
| 
| /* Override any GCC internal prototype to avoid an error.
|    Use char because int might match the return type of a GCC
|    builtin and then its argument prototype would still apply.  */
| #ifdef __cplusplus
| extern "C"
| #endif
| char strlcat ();
| /* The GNU C library defines this for functions which it implements
|     to always fail with ENOSYS.  Some functions are actually named
|     something starting with __ and the normal name is an alias.  */
| #if defined __stub_strlcat || defined __stub___strlcat
| choke me
| #endif
| 
| int
| main ()
| {
| return strlcat ();
|   ;
|   return 0;
| }
configure:7558: result: no
configure:7576: checking for O_NONBLOCK
configure:7592: gcc -c -g -O2  conftest.c >&5
configure:7592: $? = 0
configure:7600: result: yes
configure:7641: checking for SSL
configure:7648: $PKG_CONFIG --exists --print-errors "openssl"
configure:7651: $? = 0
configure:7665: $PKG_CONFIG --exists --print-errors "openssl"
configure:7668: $? = 0
configure:7726: result: yes
configure:7735: checking for ASN1_STRING_get0_data
configure:7735: gcc -o conftest -g -O2   conftest.c  -lssl -lcrypto >&5
configure:7735: $? = 0
configure:7735: result: yes
configure:7763: checking for msgfmt
configure:7791: result: /usr/bin/msgfmt
configure:7800: checking for gmsgfmt
configure:7831: result: /usr/bin/msgfmt
configure:7842: checking for xgettext
configure:7870: result: /usr/bin/xgettext
configure:7881: checking for msgmerge
configure:7908: result: /usr/bin/msgmerge
configure:7970: checking for ld used by GCC
configure:8033: result: /usr/bin/ld
configure:8040: checking if the linker (/usr/bin/ld) is GNU ld
GNU ld (GNU Binutils for Ubuntu) 2.30
configure:8052: result: yes
configure:8058: checking for shared library run path origin
configure:8071: result: done
configure:8094: checking whether NLS is requested
configure:8103: result: yes
configure:8120: checking for GNU gettext in libc
configure:8139: gcc -o conftest -g -O2   conftest.c  >&5
conftest.c: In function 'main':
conftest.c:71:8: warning: cast from pointer to integer of different size [-Wpointer-to-int-cast]
 return (int) gettext ("") + _nl_msg_cat_cntr + *_nl_domain_bindings
        ^
configure:8139: $? = 0
configure:8147: result: yes
configure:9297: checking whether gcc is Clang
configure:9322: result: no
configure:9445: checking whether pthreads work with -pthread
configure:9539: gcc -o conftest -g -O2 -pthread   conftest.c   >&5
configure:9539: $? = 0
configure:9548: result: yes
configure:9567: checking for joinable pthread attribute
configure:9585: gcc -o conftest -g -O2 -pthread   conftest.c   >&5
configure:9585: $? = 0
configure:9593: result: PTHREAD_CREATE_JOINABLE
configure:9607: checking whether more special flags are required for pthreads
configure:9620: result: no
configure:9628: checking for PTHREAD_PRIO_INHERIT
configure:9644: gcc -o conftest -g -O2 -pthread   conftest.c   >&5
configure:9644: $? = 0
configure:9653: result: yes
configure:9892: checking that generated files are newer than configure
configure:9898: result: done
configure:9929: creating ./config.status

## ---------------------- ##
## Running config.status. ##
## ---------------------- ##

This file was extended by axel config.status 2.17.10+gf13ccc, which was
generated by GNU Autoconf 2.69.  Invocation command line was

  CONFIG_FILES    = 
  CONFIG_HEADERS  = 
  CONFIG_LINKS    = 
  CONFIG_COMMANDS = 
  $ ./config.status 

on mmm-HP-Pavilion-15-Notebook-PC

config.status:950: creating Makefile
config.status:950: creating po/Makefile.in
config.status:1058: WARNING:  'po/Makefile.in.in' seems to ignore the --datarootdir setting
config.status:950: creating config.h
config.status:1179: executing depfiles commands
config.status:1179: executing default-1 commands

## ---------------- ##
## Cache variables. ##
## ---------------- ##

ac_cv_build=x86_64-pc-linux-gnu
ac_cv_c_compiler_gnu=yes
ac_cv_c_inline=inline
ac_cv_c_int16_t=yes
ac_cv_c_int32_t=yes
ac_cv_c_int64_t=yes
ac_cv_c_int8_t=yes
ac_cv_c_uint16_t=yes
ac_cv_c_uint32_t=yes
ac_cv_c_uint64_t=yes
ac_cv_c_uint8_t=yes
ac_cv_env_CC_set=
ac_cv_env_CC_value=
ac_cv_env_CFLAGS_set=
ac_cv_env_CFLAGS_value=
ac_cv_env_CPPFLAGS_set=
ac_cv_env_CPPFLAGS_value=
ac_cv_env_CPP_set=
ac_cv_env_CPP_value=
ac_cv_env_LDFLAGS_set=
ac_cv_env_LDFLAGS_value=
ac_cv_env_LIBS_set=
ac_cv_env_LIBS_value=
ac_cv_env_PKG_CONFIG_LIBDIR_set=
ac_cv_env_PKG_CONFIG_LIBDIR_value=
ac_cv_env_PKG_CONFIG_PATH_set=
ac_cv_env_PKG_CONFIG_PATH_value=
ac_cv_env_PKG_CONFIG_set=
ac_cv_env_PKG_CONFIG_value=
ac_cv_env_SSL_CFLAGS_set=
ac_cv_env_SSL_CFLAGS_value=
ac_cv_env_SSL_LIBS_set=
ac_cv_env_SSL_LIBS_value=
ac_cv_env_build_alias_set=
ac_cv_env_build_alias_value=
ac_cv_env_host_alias_set=
ac_cv_env_host_alias_value=
ac_cv_env_target_alias_set=
ac_cv_env_target_alias_value=
ac_cv_func_ASN1_STRING_get0_data=yes
ac_cv_func_getaddrinfo=yes
ac_cv_func_gettimeofday=yes
ac_cv_func_inet_ntoa=yes
ac_cv_func_malloc=yes
ac_cv_func_memset=yes
ac_cv_func_nanosleep=yes
ac_cv_func_realloc=yes
ac_cv_func_select=yes
ac_cv_func_setlocale=yes
ac_cv_func_socket=yes
ac_cv_func_strcasecmp=yes
ac_cv_func_strchr=yes
ac_cv_func_strerror=yes
ac_cv_func_strlcat=no
ac_cv_func_strlcpy=no
ac_cv_func_strncasecmp=yes
ac_cv_func_strpbrk=yes
ac_cv_func_strrchr=yes
ac_cv_func_strstr=yes
ac_cv_func_strtoll=yes
ac_cv_func_strtoul=yes
ac_cv_header_arpa_inet_h=yes
ac_cv_header_fcntl_h=yes
ac_cv_header_inttypes_h=yes
ac_cv_header_limits_h=yes
ac_cv_header_locale_h=yes
ac_cv_header_memory_h=yes
ac_cv_header_minix_config_h=no
ac_cv_header_netdb_h=yes
ac_cv_header_netinet_in_h=yes
ac_cv_header_stdc=yes
ac_cv_header_stdint_h=yes
ac_cv_header_stdlib_h=yes
ac_cv_header_string_h=yes
ac_cv_header_strings_h=yes
ac_cv_header_sys_ioctl_h=yes
ac_cv_header_sys_socket_h=yes
ac_cv_header_sys_stat_h=yes
ac_cv_header_sys_time_h=yes
ac_cv_header_sys_types_h=yes
ac_cv_header_unistd_h=yes
ac_cv_host=x86_64-pc-linux-gnu
ac_cv_objext=o
ac_cv_path_EGREP='/bin/grep -E'
ac_cv_path_GMSGFMT=/usr/bin/msgfmt
ac_cv_path_GREP=/bin/grep
ac_cv_path_MSGFMT=/usr/bin/msgfmt
ac_cv_path_MSGMERGE=/usr/bin/msgmerge
ac_cv_path_SED=/bin/sed
ac_cv_path_XGETTEXT=/usr/bin/xgettext
ac_cv_path_ac_pt_PKG_CONFIG=/usr/bin/pkg-config
ac_cv_path_install='/usr/bin/install -c'
ac_cv_path_mkdir=/bin/mkdir
ac_cv_prog_AWK=gawk
ac_cv_prog_CPP='gcc -E'
ac_cv_prog_ac_ct_CC=gcc
ac_cv_prog_cc_c89=
ac_cv_prog_cc_c99=
ac_cv_prog_cc_g=yes
ac_cv_prog_make_make_set=yes
ac_cv_safe_to_define___extensions__=yes
ac_cv_sys_file_offset_bits=no
ac_cv_sys_largefile_CC=no
ac_cv_type_mode_t=yes
ac_cv_type_off_t=yes
ac_cv_type_signal=void
ac_cv_type_size_t=yes
ac_cv_type_ssize_t=yes
acl_cv_hardcode_direct=no
acl_cv_hardcode_libdir_flag_spec='${wl}-rpath ${wl}$libdir'
acl_cv_hardcode_libdir_separator=
acl_cv_hardcode_minus_L=no
acl_cv_libext=a
acl_cv_path_LD=/usr/bin/ld
acl_cv_prog_gnu_ld=yes
acl_cv_rpath=done
acl_cv_shlibext=so
acl_cv_sys_lib_dlsearch_path_spec='/lib /usr/lib'
acl_cv_sys_lib_search_path_spec='/lib /usr/lib /usr/local/lib'
acl_cv_wl=-Wl,
am_cv_CC_dependencies_compiler_type=gcc3
am_cv_make_support_nested_variables=yes
am_cv_prog_cc_c_o=yes
ax_cv_PTHREAD_CLANG=no
ax_cv_PTHREAD_JOINABLE_ATTR=PTHREAD_CREATE_JOINABLE
ax_cv_PTHREAD_PRIO_INHERIT=yes
ax_cv_PTHREAD_SPECIAL_FLAGS=no
ax_cv_check_cflags__Wall=yes
ax_cv_check_cflags__Warray_bounds=yes
ax_cv_check_cflags__Wcast_align=yes
ax_cv_check_cflags__Wdeclaration_after_statement=yes
ax_cv_check_cflags__Wextra=yes
ax_cv_check_cflags__Wformat_2=yes
ax_cv_check_cflags__Wformat_nonliteral=yes
ax_cv_check_cflags__Wformat_security=yes
ax_cv_check_cflags__Wimplicit_function_declaration=yes
ax_cv_check_cflags__Winit_self=yes
ax_cv_check_cflags__Winline=yes
ax_cv_check_cflags__Wmissing_declarations=yes
ax_cv_check_cflags__Wmissing_format_attribute=yes
ax_cv_check_cflags__Wmissing_include_dirs=yes
ax_cv_check_cflags__Wmissing_noreturn=yes
ax_cv_check_cflags__Wmissing_prototypes=yes
ax_cv_check_cflags__Wnested_externs=yes
ax_cv_check_cflags__Wno_error_missing_field_initializers=yes
ax_cv_check_cflags__Wno_error_unused_parameter=yes
ax_cv_check_cflags__Wno_missing_field_initializers=yes
ax_cv_check_cflags__Wno_suggest_attribute_format=yes
ax_cv_check_cflags__Wno_unused_parameter=yes
ax_cv_check_cflags__Wold_style_definition=yes
ax_cv_check_cflags__Wpacked=yes
ax_cv_check_cflags__Wpointer_arith=yes
ax_cv_check_cflags__Wredundant_decls=yes
ax_cv_check_cflags__Wreturn_type=yes
ax_cv_check_cflags__Wshadow=yes
ax_cv_check_cflags__Wsign_compare=yes
ax_cv_check_cflags__Wstrict_aliasing=yes
ax_cv_check_cflags__Wstrict_prototypes=yes
ax_cv_check_cflags__Wswitch_default=yes
ax_cv_check_cflags__Wswitch_enum=yes
ax_cv_check_cflags__Wundef=yes
ax_cv_check_cflags__Wunused_but_set_variable=yes
ax_cv_check_cflags__Wwrite_strings=yes
ax_cv_check_cflags___Werror_unknown_warning_option=no
ax_cv_check_cflags___Wno_suggest_attribute_format=yes
ax_cv_check_cflags__fno_strict_aliasing=yes
ax_cv_check_ldflags__Wl___fatal_warnings=yes
ax_cv_check_ldflags__Wl___no_as_needed=yes
ax_cv_check_ldflags___Wl___fatal_warnings=yes
ax_cv_check_ldflags___Wl___no_as_needed=yes
ax_cv_check_ldflags___Wl__fatal_warnings=no
ax_cv_have___builtin_clzll=yes
ax_cv_have_func_attribute_format=yes
axel_cv_macro_O_NONBLOCK=yes
axel_cv_type_compat_off_t=yes
gt_cv_func_gnugettext1_libc=yes
pkg_cv_SSL_CFLAGS=
pkg_cv_SSL_LIBS='-lssl -lcrypto'

## ----------------- ##
## Output variables. ##
## ----------------- ##

ACLOCAL='${SHELL} /home/mmm/build-tools-gcc/sources/axel/build-aux/missing aclocal-1.15'
AMDEPBACKSLASH='\'
AMDEP_FALSE='#'
AMDEP_TRUE=''
AMTAR='$${TAR-tar}'
AM_BACKSLASH='\'
AM_DEFAULT_V='$(AM_DEFAULT_VERBOSITY)'
AM_DEFAULT_VERBOSITY='0'
AM_V='$(V)'
AUTOCONF='${SHELL} /home/mmm/build-tools-gcc/sources/axel/build-aux/missing autoconf'
AUTOHEADER='${SHELL} /home/mmm/build-tools-gcc/sources/axel/build-aux/missing autoheader'
AUTOMAKE='${SHELL} /home/mmm/build-tools-gcc/sources/axel/build-aux/missing automake-1.15'
AWK='gawk'
CC='gcc'
CCDEPMODE='depmode=gcc3'
CFLAGS='-g -O2'
CPP='gcc -E'
CPPFLAGS=''
CYGPATH_W='echo'
DEFS='-DHAVE_CONFIG_H'
DEPDIR='.deps'
ECHO_C=''
ECHO_N='-n'
ECHO_T=''
EGREP='/bin/grep -E'
EXEEXT=''
GMSGFMT='/usr/bin/msgfmt'
GREP='/bin/grep'
INSTALL_DATA='${INSTALL} -m 644'
INSTALL_PROGRAM='${INSTALL}'
INSTALL_SCRIPT='${INSTALL}'
INSTALL_STRIP_PROGRAM='$(install_sh) -c -s'
INTLLIBS=''
LDFLAGS=''
LIBICONV=''
LIBINTL=''
LIBOBJS=' ${LIBOBJDIR}strlcpy$U.o ${LIBOBJDIR}strlcat$U.o'
LIBS=''
LTLIBICONV=''
LTLIBINTL=''
LTLIBOBJS=' ${LIBOBJDIR}strlcpy$U.lo ${LIBOBJDIR}strlcat$U.lo'
MAKEINFO='${SHELL} /home/mmm/build-tools-gcc/sources/axel/build-aux/missing makeinfo'
MKDIR_P='/bin/mkdir -p'
MSGFMT='/usr/bin/msgfmt'
MSGMERGE='/usr/bin/msgmerge'
OBJEXT='o'
PACKAGE='axel'
PACKAGE_BUGREPORT='https://github.com/axel-download-accelerator/axel/issues'
PACKAGE_NAME='axel'
PACKAGE_STRING='axel 2.17.10+gf13ccc'
PACKAGE_TARNAME='axel'
PACKAGE_URL=''
PACKAGE_VERSION='2.17.10+gf13ccc'
PATH_SEPARATOR=':'
PKG_CONFIG='/usr/bin/pkg-config'
PKG_CONFIG_LIBDIR=''
PKG_CONFIG_PATH=''
POSUB='po'
PTHREAD_CC='gcc'
PTHREAD_CFLAGS='-pthread'
PTHREAD_LIBS=''
RELDATE_PRETTY='November 22, 2020'
SED='/bin/sed'
SET_MAKE=''
SHELL='/bin/bash'
SSL_CFLAGS=''
SSL_LIBS='-lssl -lcrypto'
STRIP=''
USE_NLS='yes'
VERSION='2.17.10+gf13ccc'
WARN_CFLAGS='-fno-strict-aliasing -Wall -Wextra -Wundef -Wnested-externs -Wwrite-strings -Wpointer-arith -Wmissing-declarations -Wmissing-prototypes -Wstrict-prototypes -Wredundant-decls -Wno-unused-parameter -Wno-missing-field-initializers -Wdeclaration-after-statement -Wformat=2 -Wold-style-definition -Wcast-align -Wformat-nonliteral -Wformat-security -Wsign-compare -Wstrict-aliasing -Wshadow -Winline -Wpacked -Wmissing-format-attribute -Wmissing-noreturn -Winit-self -Wmissing-include-dirs -Wunused-but-set-variable -Warray-bounds -Wimplicit-function-declaration -Wreturn-type -Wswitch-enum -Wswitch-default -Werror -Wno-suggest-attribute=format -Wno-error=unused-parameter -Wno-error=missing-field-initializers'
WARN_LDFLAGS='-Wl,--no-as-needed -Wl,--fatal-warnings'
WARN_SCANNERFLAGS='              --warn-all                                                                           --warn-error         '
WITH_SSL_FALSE='#'
WITH_SSL_TRUE=''
XGETTEXT='/usr/bin/xgettext'
ac_ct_CC='gcc'
am__EXEEXT_FALSE=''
am__EXEEXT_TRUE='#'
am__fastdepCC_FALSE='#'
am__fastdepCC_TRUE=''
am__include='include'
am__isrc=''
am__leading_dot='.'
am__nodep='_no'
am__quote=''
am__tar='$${TAR-tar} chof - "$$tardir"'
am__untar='$${TAR-tar} xf -'
ax_pthread_config=''
bindir='${exec_prefix}/bin'
build='x86_64-pc-linux-gnu'
build_alias=''
build_cpu='x86_64'
build_os='linux-gnu'
build_vendor='pc'
datadir='${datarootdir}'
datarootdir='${prefix}/share'
docdir='${datarootdir}/doc/${PACKAGE_TARNAME}'
dvidir='${docdir}'
exec_prefix='${prefix}'
host='x86_64-pc-linux-gnu'
host_alias=''
host_cpu='x86_64'
host_os='linux-gnu'
host_vendor='pc'
htmldir='${docdir}'
includedir='${prefix}/include'
infodir='${datarootdir}/info'
install_sh='${SHELL} /home/mmm/build-tools-gcc/sources/axel/build-aux/install-sh'
libdir='${exec_prefix}/lib'
libexecdir='${exec_prefix}/libexec'
localedir='${datarootdir}/locale'
localstatedir='${prefix}/var'
mandir='${datarootdir}/man'
mkdir_p='$(MKDIR_P)'
oldincludedir='/usr/include'
pdfdir='${docdir}'
prefix='/home/mmm/build-tools-gcc/prebuilts'
program_transform_name='s,x,x,'
psdir='${docdir}'
runstatedir='${localstatedir}/run'
sbindir='${exec_prefix}/sbin'
sharedstatedir='${prefix}/com'
sysconfdir='${prefix}/etc'
target_alias=''

## ----------- ##
## confdefs.h. ##
## ----------- ##

/* confdefs.h */
#define PACKAGE_NAME "axel"
#define PACKAGE_TARNAME "axel"
#define PACKAGE_VERSION "2.17.10+gf13ccc"
#define PACKAGE_STRING "axel 2.17.10+gf13ccc"
#define PACKAGE_BUGREPORT "https://github.com/axel-download-accelerator/axel/issues"
#define PACKAGE_URL ""
#define PACKAGE "axel"
#define VERSION "2.17.10+gf13ccc"
#define ARCH "linux-gnu"
#define STDC_HEADERS 1
#define HAVE_SYS_TYPES_H 1
#define HAVE_SYS_STAT_H 1
#define HAVE_STDLIB_H 1
#define HAVE_STRING_H 1
#define HAVE_MEMORY_H 1
#define HAVE_STRINGS_H 1
#define HAVE_INTTYPES_H 1
#define HAVE_STDINT_H 1
#define HAVE_UNISTD_H 1
#define __EXTENSIONS__ 1
#define _ALL_SOURCE 1
#define _GNU_SOURCE 1
#define _POSIX_PTHREAD_SEMANTICS 1
#define _TANDEM_SOURCE 1
#define NDEBUG 1
#define HAVE_FUNC_ATTRIBUTE_FORMAT 1
#define HAVE___BUILTIN_CLZLL 1
#define HAVE_ARPA_INET_H 1
#define HAVE_FCNTL_H 1
#define HAVE_LIMITS_H 1
#define HAVE_LOCALE_H 1
#define HAVE_NETDB_H 1
#define HAVE_NETINET_IN_H 1
#define HAVE_STDLIB_H 1
#define HAVE_SYS_IOCTL_H 1
#define HAVE_SYS_SOCKET_H 1
#define HAVE_SYS_TIME_H 1
#define HAVE_UNISTD_H 1
#define RETSIGTYPE void
#define HAVE_OFF_T 1
#define HAVE_GETADDRINFO 1
#define HAVE_GETTIMEOFDAY 1
#define HAVE_INET_NTOA 1
#define HAVE_MALLOC 1
#define HAVE_MEMSET 1
#define HAVE_NANOSLEEP 1
#define HAVE_REALLOC 1
#define HAVE_SELECT 1
#define HAVE_SETLOCALE 1
#define HAVE_SOCKET 1
#define HAVE_STRCASECMP 1
#define HAVE_STRCHR 1
#define HAVE_STRERROR 1
#define HAVE_STRNCASECMP 1
#define HAVE_STRPBRK 1
#define HAVE_STRRCHR 1
#define HAVE_STRSTR 1
#define HAVE_STRTOUL 1
#define HAVE_STRTOLL 1
#define HAVE_SSL 1
#define HAVE_ASN1_STRING_GET0_DATA 1
#define ENABLE_NLS 1
#define HAVE_GETTEXT 1
#define HAVE_DCGETTEXT 1
#define HAVE_PTHREAD_PRIO_INHERIT 1
#define HAVE_PTHREAD 1
#define ETCDIR "/etc"

configure: exit 0
